Arguments: 
  C:\Program Files\nodejs\node.exe C:\Users\Seba\AppData\Roaming\npm\node_modules\yarn\bin\yarn.js init

PATH: 
  C:\Users\Seba\bin;C:\Program Files\Git\mingw64\bin;C:\Program Files\Git\usr\local\bin;C:\Program Files\Git\usr\bin;C:\Program Files\Git\usr\bin;C:\Program Files\Git\mingw64\bin;C:\Program Files\Git\usr\bin;C:\Users\Seba\bin;C:\Windows\system32;C:\Windows;C:\Windows\System32\Wbem;C:\Windows\System32\WindowsPowerShell\v1.0;C:\Windows\System32\OpenSSH;C:\Program Files\Git\cmd;C:\Program Files\nodejs;C:\Users\Seba\AppData\Local\Microsoft\WindowsApps;C:\Users\Seba\AppData\Roaming\npm;C:\Users\Seba\AppData\Local\Programs\Hyper\resources\bin;C:\Users\Seba\AppData\Local\Programs\Microsoft VS Code\bin;C:\Program Files\Git\usr\bin\vendor_perl;C:\Program Files\Git\usr\bin\core_perl

Yarn version: 
  1.22.19

Node version: 
  18.17.0

Platform: 
  win32 x64

Trace: 
  Error: canceled
      at Interface.<anonymous> (C:\Users\Seba\AppData\Roaming\npm\node_modules\yarn\lib\cli.js:137150:13)
      at Interface.emit (node:events:514:28)
      at [_ttyWrite] [as _ttyWrite] (node:internal/readline/interface:1131:18)
      at ReadStream.onkeypress (node:internal/readline/interface:270:20)
      at ReadStream.emit (node:events:514:28)
      at emitKeys (node:internal/readline/utils:357:14)
      at emitKeys.next (<anonymous>)
      at ReadStream.onData (node:internal/readline/emitKeypressEvents:64:36)
      at ReadStream.emit (node:events:514:28)
      at addChunk (node:internal/streams/readable:324:12)

npm manifest: 
  {
    "dependencies": {
      "@types/node": "^20.4.8",
      "@vaadin/router": "^1.7.5",
      "firebase": "8.7.1",
      "lodash": "^4.17.21",
      "parcel": "^2.9.1"
    },
    "scripts": {
      "dev": "parcel serve ./src/index.html"
    },
    "devDependencies": {
      "process": "^0.11.10"
    }
  }

yarn manifest: 
  No manifest

Lockfile: 
  # THIS IS AN AUTOGENERATED FILE. DO NOT EDIT THIS FILE DIRECTLY.
  # yarn lockfile v1
  
  
  "@babel/code-frame@^7.0.0":
    version "7.21.4"
    resolved "https://registry.npmjs.org/@babel/code-frame/-/code-frame-7.21.4.tgz"
    integrity sha512-LYvhNKfwWSPpocw8GI7gpK2nq3HSDuEPC/uSYaALSJu9xjsalaaYFOq0Pwt5KmVqwEbZlDu81aLXwBOmD/Fv9g==
    dependencies:
      "@babel/highlight" "^7.18.6"
  
  "@babel/helper-validator-identifier@^7.18.6":
    version "7.19.1"
    resolved "https://registry.npmjs.org/@babel/helper-validator-identifier/-/helper-validator-identifier-7.19.1.tgz"
    integrity sha512-awrNfaMtnHUr653GgGEs++LlAvW6w+DcPrOliSMXWCKo597CwL5Acf/wWdNkf/tfEQE3mjkeD1YOVZOUV/od1w==
  
  "@babel/highlight@^7.18.6":
    version "7.18.6"
    resolved "https://registry.npmjs.org/@babel/highlight/-/highlight-7.18.6.tgz"
    integrity sha512-u7stbOuYjaPezCuLj29hNW1v64M2Md2qupEKP1fHc7WdOA3DgLh37suiSrZYY7haUB7iBeQZ9P1uiRF359do3g==
    dependencies:
      "@babel/helper-validator-identifier" "^7.18.6"
      chalk "^2.0.0"
      js-tokens "^4.0.0"
  
  "@firebase/analytics-types@0.4.0":
    version "0.4.0"
    resolved "https://registry.npmjs.org/@firebase/analytics-types/-/analytics-types-0.4.0.tgz"
    integrity sha512-Jj2xW+8+8XPfWGkv9HPv/uR+Qrmq37NPYT352wf7MvE9LrstpLVmFg3LqG6MCRr5miLAom5sen2gZ+iOhVDeRA==
  
  "@firebase/analytics@0.6.14":
    version "0.6.14"
    resolved "https://registry.npmjs.org/@firebase/analytics/-/analytics-0.6.14.tgz"
    integrity sha512-u7e9MreZOuv6VHhJvfp2UzNvNXac5QL2ofNhcQmwxUrMyHX80LUJrTLUCoaCpQvv3HJHX8WVj897a9LoB4OO1g==
    dependencies:
      "@firebase/analytics-types" "0.4.0"
      "@firebase/component" "0.5.4"
      "@firebase/installations" "0.4.30"
      "@firebase/logger" "0.2.6"
      "@firebase/util" "1.1.0"
      tslib "^2.1.0"
  
  "@firebase/app-check-interop-types@0.1.0":
    version "0.1.0"
    resolved "https://registry.npmjs.org/@firebase/app-check-interop-types/-/app-check-interop-types-0.1.0.tgz"
    integrity sha512-uZfn9s4uuRsaX5Lwx+gFP3B6YsyOKUE+Rqa6z9ojT4VSRAsZFko9FRn6OxQUA1z5t5d08fY4pf+/+Dkd5wbdbA==
  
  "@firebase/app-check-types@0.2.0":
    version "0.2.0"
    resolved "https://registry.npmjs.org/@firebase/app-check-types/-/app-check-types-0.2.0.tgz"
    integrity sha512-CfZhWtChLK9uNmrxbJyTg1BPtROiwc/VJGu3f39KjS0F5ZvZjHmyRFMrDiSoXDoybM4B6X0pQhJYi9rifT2wpQ==
  
  "@firebase/app-check@0.2.0":
    version "0.2.0"
    resolved "https://registry.npmjs.org/@firebase/app-check/-/app-check-0.2.0.tgz"
    integrity sha512-h5eNSYf4ZU9FGawDSLGSGBcaYzdkydVBCGzbQW5urAd7czhB5QF+T4nnTOQ0Gto5upqPGuUH9s9CbQ4Gf49OEw==
    dependencies:
      "@firebase/app-check-interop-types" "0.1.0"
      "@firebase/app-check-types" "0.2.0"
      "@firebase/component" "0.5.4"
      "@firebase/logger" "0.2.6"
      "@firebase/util" "1.1.0"
      tslib "^2.1.0"
  
  "@firebase/app-types@0.6.2":
    version "0.6.2"
    resolved "https://registry.npmjs.org/@firebase/app-types/-/app-types-0.6.2.tgz"
    integrity sha512-2VXvq/K+n8XMdM4L2xy5bYp2ZXMawJXluUIDzUBvMthVR+lhxK4pfFiqr1mmDbv9ydXvEAuFsD+6DpcZuJcSSw==
  
  "@firebase/app@0.6.28":
    version "0.6.28"
    resolved "https://registry.npmjs.org/@firebase/app/-/app-0.6.28.tgz"
    integrity sha512-ZsR5372bNDfY9aGMg+0zgoxwUg/Upf8Mq1M82XCByCVdn6krnPwGr486UssiYFCVANweiOR1Mrhrg2y5O01RRw==
    dependencies:
      "@firebase/app-types" "0.6.2"
      "@firebase/component" "0.5.4"
      "@firebase/logger" "0.2.6"
      "@firebase/util" "1.1.0"
      dom-storage "2.1.0"
      tslib "^2.1.0"
      xmlhttprequest "1.8.0"
  
  "@firebase/auth-interop-types@0.1.6":
    version "0.1.6"
    resolved "https://registry.npmjs.org/@firebase/auth-interop-types/-/auth-interop-types-0.1.6.tgz"
    integrity sha512-etIi92fW3CctsmR9e3sYM3Uqnoq861M0Id9mdOPF6PWIg38BXL5k4upCNBggGUpLIS0H1grMOvy/wn1xymwe2g==
  
  "@firebase/auth-types@0.10.3":
    version "0.10.3"
    resolved "https://registry.npmjs.org/@firebase/auth-types/-/auth-types-0.10.3.tgz"
    integrity sha512-zExrThRqyqGUbXOFrH/sowuh2rRtfKHp9SBVY2vOqKWdCX1Ztn682n9WLtlUDsiYVIbBcwautYWk2HyCGFv0OA==
  
  "@firebase/auth@0.16.8":
    version "0.16.8"
    resolved "https://registry.npmjs.org/@firebase/auth/-/auth-0.16.8.tgz"
    integrity sha512-mR0UXG4LirWIfOiCWxVmvz1o23BuKGxeItQ2cCUgXLTjNtWJXdcky/356iTUsd7ZV5A78s2NHeN5tIDDG6H4rg==
    dependencies:
      "@firebase/auth-types" "0.10.3"
  
  "@firebase/component@0.5.4":
    version "0.5.4"
    resolved "https://registry.npmjs.org/@firebase/component/-/component-0.5.4.tgz"
    integrity sha512-KoLDPTsvxWr6FT9kn/snffJItaWXZLHLJlZVKiiw+flKE6MVA8Eec+ctvM2zcsMZzC2Z47gFnVqywfBlOevmpQ==
    dependencies:
      "@firebase/util" "1.1.0"
      tslib "^2.1.0"
  
  "@firebase/database-types@0.7.2":
    version "0.7.2"
    resolved "https://registry.npmjs.org/@firebase/database-types/-/database-types-0.7.2.tgz"
    integrity sha512-cdAd/dgwvC0r3oLEDUR+ULs1vBsEvy0b27nlzKhU6LQgm9fCDzgaH9nFGv8x+S9dly4B0egAXkONkVoWcOAisg==
    dependencies:
      "@firebase/app-types" "0.6.2"
  
  "@firebase/database@0.10.7":
    version "0.10.7"
    resolved "https://registry.npmjs.org/@firebase/database/-/database-0.10.7.tgz"
    integrity sha512-7BFj8LFhGL+TmLiPOffOVfkrO2wm44mGcT0jqrkTkt1KydapmjABFJBRvONvlLij5LoWrJK1cSuE8wYDQrDq2Q==
    dependencies:
      "@firebase/auth-interop-types" "0.1.6"
      "@firebase/component" "0.5.4"
      "@firebase/database-types" "0.7.2"
      "@firebase/logger" "0.2.6"
      "@firebase/util" "1.1.0"
      faye-websocket "0.11.3"
      tslib "^2.1.0"
  
  "@firebase/firestore-types@2.3.0":
    version "2.3.0"
    resolved "https://registry.npmjs.org/@firebase/firestore-types/-/firestore-types-2.3.0.tgz"
    integrity sha512-QTW7NP7nDL0pgT/X53lyj+mIMh4nRQBBTBlRNQBt7eSyeqBf3ag3bxdQhCg358+5KbjYTC2/O6QtX9DlJZmh1A==
  
  "@firebase/firestore@2.3.8":
    version "2.3.8"
    resolved "https://registry.npmjs.org/@firebase/firestore/-/firestore-2.3.8.tgz"
    integrity sha512-76uA4czK+JM7rNbJXWrzA2gZQMGopQOvkQ7EffBfe9d921gvZ+W6naXaih+jYZn6BwuE7no9fx3RdZDszG5u+g==
    dependencies:
      "@firebase/component" "0.5.4"
      "@firebase/firestore-types" "2.3.0"
      "@firebase/logger" "0.2.6"
      "@firebase/util" "1.1.0"
      "@firebase/webchannel-wrapper" "0.5.1"
      "@grpc/grpc-js" "^1.3.2"
      "@grpc/proto-loader" "^0.6.0"
      node-fetch "2.6.1"
      tslib "^2.1.0"
  
  "@firebase/functions-types@0.4.0":
    version "0.4.0"
    resolved "https://registry.npmjs.org/@firebase/functions-types/-/functions-types-0.4.0.tgz"
    integrity sha512-3KElyO3887HNxtxNF1ytGFrNmqD+hheqjwmT3sI09FaDCuaxGbOnsXAXH2eQ049XRXw9YQpHMgYws/aUNgXVyQ==
  
  "@firebase/functions@0.6.13":
    version "0.6.13"
    resolved "https://registry.npmjs.org/@firebase/functions/-/functions-0.6.13.tgz"
    integrity sha512-BSMXjcGXfe33Tdb/a6esYGndMPY7bhMTRlP1si5W0oL8ovsHpiAllrrECbcqp7VU1qQtAZlC7U/pWF733yIRuw==
    dependencies:
      "@firebase/component" "0.5.4"
      "@firebase/functions-types" "0.4.0"
      "@firebase/messaging-types" "0.5.0"
      node-fetch "2.6.1"
      tslib "^2.1.0"
  
  "@firebase/installations-types@0.3.4":
    version "0.3.4"
    resolved "https://registry.npmjs.org/@firebase/installations-types/-/installations-types-0.3.4.tgz"
    integrity sha512-RfePJFovmdIXb6rYwtngyxuEcWnOrzdZd9m7xAW0gRxDIjBT20n3BOhjpmgRWXo/DAxRmS7bRjWAyTHY9cqN7Q==
  
  "@firebase/installations@0.4.30":
    version "0.4.30"
    resolved "https://registry.npmjs.org/@firebase/installations/-/installations-0.4.30.tgz"
    integrity sha512-7Ci8UVIkeb+V5BzZiA2dfjTYDIeKS4cW7EXit5ZGnd4J9d9NZW9Fnyx/XpvlhrODleBKhXuip/3rF1pfJq+/5Q==
    dependencies:
      "@firebase/component" "0.5.4"
      "@firebase/installations-types" "0.3.4"
      "@firebase/util" "1.1.0"
      idb "3.0.2"
      tslib "^2.1.0"
  
  "@firebase/logger@0.2.6":
    version "0.2.6"
    resolved "https://registry.npmjs.org/@firebase/logger/-/logger-0.2.6.tgz"
    integrity sha512-KIxcUvW/cRGWlzK9Vd2KB864HlUnCfdTH0taHE0sXW5Xl7+W68suaeau1oKNEqmc3l45azkd4NzXTCWZRZdXrw==
  
  "@firebase/messaging-types@0.5.0":
    version "0.5.0"
    resolved "https://registry.npmjs.org/@firebase/messaging-types/-/messaging-types-0.5.0.tgz"
    integrity sha512-QaaBswrU6umJYb/ZYvjR5JDSslCGOH6D9P136PhabFAHLTR4TWjsaACvbBXuvwrfCXu10DtcjMxqfhdNIB1Xfg==
  
  "@firebase/messaging@0.7.14":
    version "0.7.14"
    resolved "https://registry.npmjs.org/@firebase/messaging/-/messaging-0.7.14.tgz"
    integrity sha512-qWaaGaDAFA/QejkHXPTRbA17KUi1+Rvip7XMo8Oqrh14E8o0VQwR2e7n54qTkngl4hphOv1YMuM8uXRKU5fVGQ==
    dependencies:
      "@firebase/component" "0.5.4"
      "@firebase/installations" "0.4.30"
      "@firebase/messaging-types" "0.5.0"
      "@firebase/util" "1.1.0"
      idb "3.0.2"
      tslib "^2.1.0"
  
  "@firebase/performance-types@0.0.13":
    version "0.0.13"
    resolved "https://registry.npmjs.org/@firebase/performance-types/-/performance-types-0.0.13.tgz"
    integrity sha512-6fZfIGjQpwo9S5OzMpPyqgYAUZcFzZxHFqOyNtorDIgNXq33nlldTL/vtaUZA8iT9TT5cJlCrF/jthKU7X21EA==
  
  "@firebase/performance@0.4.16":
    version "0.4.16"
    resolved "https://registry.npmjs.org/@firebase/performance/-/performance-0.4.16.tgz"
    integrity sha512-todNreR+HPedqPul0FXalKzJYzYIs5Q9jba9ulqKo19vqTRX9YO+8EOmqwS445CgBghCZxeXkKmKm9p//JNZtg==
    dependencies:
      "@firebase/component" "0.5.4"
      "@firebase/installations" "0.4.30"
      "@firebase/logger" "0.2.6"
      "@firebase/performance-types" "0.0.13"
      "@firebase/util" "1.1.0"
      tslib "^2.1.0"
  
  "@firebase/polyfill@0.3.36":
    version "0.3.36"
    resolved "https://registry.npmjs.org/@firebase/polyfill/-/polyfill-0.3.36.tgz"
    integrity sha512-zMM9oSJgY6cT2jx3Ce9LYqb0eIpDE52meIzd/oe/y70F+v9u1LDqk5kUF5mf16zovGBWMNFmgzlsh6Wj0OsFtg==
    dependencies:
      core-js "3.6.5"
      promise-polyfill "8.1.3"
      whatwg-fetch "2.0.4"
  
  "@firebase/remote-config-types@0.1.9":
    version "0.1.9"
    resolved "https://registry.npmjs.org/@firebase/remote-config-types/-/remote-config-types-0.1.9.tgz"
    integrity sha512-G96qnF3RYGbZsTRut7NBX0sxyczxt1uyCgXQuH/eAfUCngxjEGcZQnBdy6mvSdqdJh5mC31rWPO4v9/s7HwtzA==
  
  "@firebase/remote-config@0.1.41":
    version "0.1.41"
    resolved "https://registry.npmjs.org/@firebase/remote-config/-/remote-config-0.1.41.tgz"
    integrity sha512-ixySdhripxOz/wUiGxjVwU9hhxPkRy1N9YzLZmbQK9zrD6HPmyIRFRGp9Uh3PukD+gMqrHAwPPdkkwt6I35k9A==
    dependencies:
      "@firebase/component" "0.5.4"
      "@firebase/installations" "0.4.30"
      "@firebase/logger" "0.2.6"
      "@firebase/remote-config-types" "0.1.9"
      "@firebase/util" "1.1.0"
      tslib "^2.1.0"
  
  "@firebase/storage-types@0.4.1":
    version "0.4.1"
    resolved "https://registry.npmjs.org/@firebase/storage-types/-/storage-types-0.4.1.tgz"
    integrity sha512-IM4cRzAnQ6QZoaxVZ5MatBzqXVcp47hOlE28jd9xXw1M9V7gfjhmW0PALGFQx58tPVmuUwIKyoEbHZjV4qRJwQ==
  
  "@firebase/storage@0.5.6":
    version "0.5.6"
    resolved "https://registry.npmjs.org/@firebase/storage/-/storage-0.5.6.tgz"
    integrity sha512-T18/BvLTuuFaNSDxpojr7T0g07aO+q+hJjk03HFwQbifJxyxdsYZIwKu1Bdo+t48Qyh+l2tOjN4TiidIydUN2w==
    dependencies:
      "@firebase/component" "0.5.4"
      "@firebase/storage-types" "0.4.1"
      "@firebase/util" "1.1.0"
      node-fetch "2.6.1"
      tslib "^2.1.0"
  
  "@firebase/util@1.1.0":
    version "1.1.0"
    resolved "https://registry.npmjs.org/@firebase/util/-/util-1.1.0.tgz"
    integrity sha512-lfuSASuPKNdfebuFR8rjFamMQUPH9iiZHcKS755Rkm/5gRT0qC7BMhCh3ZkHf7NVbplzIc/GhmX2jM+igDRCag==
    dependencies:
      tslib "^2.1.0"
  
  "@firebase/webchannel-wrapper@0.5.1":
    version "0.5.1"
    resolved "https://registry.npmjs.org/@firebase/webchannel-wrapper/-/webchannel-wrapper-0.5.1.tgz"
    integrity sha512-dZMzN0uAjwJXWYYAcnxIwXqRTZw3o14hGe7O6uhwjD1ZQWPVYA5lASgnNskEBra0knVBsOXB4KXg+HnlKewN/A==
  
  "@grpc/grpc-js@^1.3.2":
    version "1.8.15"
    resolved "https://registry.npmjs.org/@grpc/grpc-js/-/grpc-js-1.8.15.tgz"
    integrity sha512-H2Bu/w6+oQ58DsRbQol66ERBk3V5ZIak/z/MDx0T4EgDnJWps807I6BvTjq0v6UvZtOcLO+ur+Q9wvniqu3OJA==
    dependencies:
      "@grpc/proto-loader" "^0.7.0"
      "@types/node" ">=12.12.47"
  
  "@grpc/proto-loader@^0.6.0":
    version "0.6.13"
    resolved "https://registry.npmjs.org/@grpc/proto-loader/-/proto-loader-0.6.13.tgz"
    integrity sha512-FjxPYDRTn6Ec3V0arm1FtSpmP6V50wuph2yILpyvTKzjc76oDdoihXqM1DzOW5ubvCC8GivfCnNtfaRE8myJ7g==
    dependencies:
      "@types/long" "^4.0.1"
      lodash.camelcase "^4.3.0"
      long "^4.0.0"
      protobufjs "^6.11.3"
      yargs "^16.2.0"
  
  "@grpc/proto-loader@^0.7.0":
    version "0.7.7"
    resolved "https://registry.npmjs.org/@grpc/proto-loader/-/proto-loader-0.7.7.tgz"
    integrity sha512-1TIeXOi8TuSCQprPItwoMymZXxWT0CPxUhkrkeCUH+D8U7QDwQ6b7SUz2MaLuWM2llT+J/TVFLmQI5KtML3BhQ==
    dependencies:
      "@types/long" "^4.0.1"
      lodash.camelcase "^4.3.0"
      long "^4.0.0"
      protobufjs "^7.0.0"
      yargs "^17.7.2"
  
  "@lezer/common@^0.15.0", "@lezer/common@^0.15.7":
    version "0.15.12"
    resolved "https://registry.npmjs.org/@lezer/common/-/common-0.15.12.tgz"
    integrity sha512-edfwCxNLnzq5pBA/yaIhwJ3U3Kz8VAUOTRg0hhxaizaI1N+qxV7EXDv/kLCkLeq2RzSFvxexlaj5Mzfn2kY0Ig==
  
  "@lezer/lr@^0.15.4":
    version "0.15.8"
    resolved "https://registry.npmjs.org/@lezer/lr/-/lr-0.15.8.tgz"
    integrity sha512-bM6oE6VQZ6hIFxDNKk8bKPa14hqFrV07J/vHGOeiAbJReIaQXmkVb6xQu4MR+JBTLa5arGRyAAjJe1qaQt3Uvg==
    dependencies:
      "@lezer/common" "^0.15.0"
  
  "@lmdb/lmdb-darwin-arm64@2.7.11":
    version "2.7.11"
    resolved "https://registry.yarnpkg.com/@lmdb/lmdb-darwin-arm64/-/lmdb-darwin-arm64-2.7.11.tgz#b717e72f023d4215d14e4c57433c711a53c782cf"
    integrity sha512-r6+vYq2vKzE+vgj/rNVRMwAevq0+ZR9IeMFIqcSga+wMtMdXQ27KqQ7uS99/yXASg29bos7yHP3yk4x6Iio0lw==
  
  "@lmdb/lmdb-darwin-x64@2.7.11":
    version "2.7.11"
    resolved "https://registry.yarnpkg.com/@lmdb/lmdb-darwin-x64/-/lmdb-darwin-x64-2.7.11.tgz#b42898b0742b4a82b8224b742b2d174c449cd170"
    integrity sha512-jhj1aB4K8ycRL1HOQT5OtzlqOq70jxUQEWRN9Gqh3TIDN30dxXtiHi6EWF516tzw6v2+3QqhDMJh8O6DtTGG8Q==
  
  "@lmdb/lmdb-linux-arm64@2.7.11":
    version "2.7.11"
    resolved "https://registry.yarnpkg.com/@lmdb/lmdb-linux-arm64/-/lmdb-linux-arm64-2.7.11.tgz#a8dc8e386d27006cfccbf2a8598290b63d03a9ec"
    integrity sha512-7xGEfPPbmVJWcY2Nzqo11B9Nfxs+BAsiiaY/OcT4aaTDdykKeCjvKMQJA3KXCtZ1AtiC9ljyGLi+BfUwdulY5A==
  
  "@lmdb/lmdb-linux-arm@2.7.11":
    version "2.7.11"
    resolved "https://registry.yarnpkg.com/@lmdb/lmdb-linux-arm/-/lmdb-linux-arm-2.7.11.tgz#2103f48af28336efccaac008fe882dfce33e4ac5"
    integrity sha512-dHfLFVSrw/v5X5lkwp0Vl7+NFpEeEYKfMG2DpdFJnnG1RgHQZngZxCaBagFoaJGykRpd2DYF1AeuXBFrAUAXfw==
  
  "@lmdb/lmdb-linux-x64@2.7.11":
    version "2.7.11"
    resolved "https://registry.yarnpkg.com/@lmdb/lmdb-linux-x64/-/lmdb-linux-x64-2.7.11.tgz#d21ac368022a662610540f2ba8bb6ff0b96a9940"
    integrity sha512-vUKI3JrREMQsXX8q0Eq5zX2FlYCKWMmLiCyyJNfZK0Uyf14RBg9VtB3ObQ41b4swYh2EWaltasWVe93Y8+KDng==
  
  "@lmdb/lmdb-win32-x64@2.7.11":
    version "2.7.11"
    resolved "https://registry.npmjs.org/@lmdb/lmdb-win32-x64/-/lmdb-win32-x64-2.7.11.tgz"
    integrity sha512-BJwkHlSUgtB+Ei52Ai32M1AOMerSlzyIGA/KC4dAGL+GGwVMdwG8HGCOA2TxP3KjhbgDPMYkv7bt/NmOmRIFng==
  
  "@mischnic/json-sourcemap@^0.1.0":
    version "0.1.0"
    resolved "https://registry.npmjs.org/@mischnic/json-sourcemap/-/json-sourcemap-0.1.0.tgz"
    integrity sha512-dQb3QnfNqmQNYA4nFSN/uLaByIic58gOXq4Y4XqLOWmOrw73KmJPt/HLyG0wvn1bnR6mBKs/Uwvkh+Hns1T0XA==
    dependencies:
      "@lezer/common" "^0.15.7"
      "@lezer/lr" "^0.15.4"
      json5 "^2.2.1"
  
  "@msgpackr-extract/msgpackr-extract-darwin-arm64@3.0.2":
    version "3.0.2"
    resolved "https://registry.yarnpkg.com/@msgpackr-extract/msgpackr-extract-darwin-arm64/-/msgpackr-extract-darwin-arm64-3.0.2.tgz#44d752c1a2dc113f15f781b7cc4f53a307e3fa38"
    integrity sha512-9bfjwDxIDWmmOKusUcqdS4Rw+SETlp9Dy39Xui9BEGEk19dDwH0jhipwFzEff/pFg95NKymc6TOTbRKcWeRqyQ==
  
  "@msgpackr-extract/msgpackr-extract-darwin-x64@3.0.2":
    version "3.0.2"
    resolved "https://registry.yarnpkg.com/@msgpackr-extract/msgpackr-extract-darwin-x64/-/msgpackr-extract-darwin-x64-3.0.2.tgz#f954f34355712212a8e06c465bc06c40852c6bb3"
    integrity sha512-lwriRAHm1Yg4iDf23Oxm9n/t5Zpw1lVnxYU3HnJPTi2lJRkKTrps1KVgvL6m7WvmhYVt/FIsssWay+k45QHeuw==
  
  "@msgpackr-extract/msgpackr-extract-linux-arm64@3.0.2":
    version "3.0.2"
    resolved "https://registry.yarnpkg.com/@msgpackr-extract/msgpackr-extract-linux-arm64/-/msgpackr-extract-linux-arm64-3.0.2.tgz#45c63037f045c2b15c44f80f0393fa24f9655367"
    integrity sha512-FU20Bo66/f7He9Fp9sP2zaJ1Q8L9uLPZQDub/WlUip78JlPeMbVL8546HbZfcW9LNciEXc8d+tThSJjSC+tmsg==
  
  "@msgpackr-extract/msgpackr-extract-linux-arm@3.0.2":
    version "3.0.2"
    resolved "https://registry.yarnpkg.com/@msgpackr-extract/msgpackr-extract-linux-arm/-/msgpackr-extract-linux-arm-3.0.2.tgz#35707efeafe6d22b3f373caf9e8775e8920d1399"
    integrity sha512-MOI9Dlfrpi2Cuc7i5dXdxPbFIgbDBGgKR5F2yWEa6FVEtSWncfVNKW5AKjImAQ6CZlBK9tympdsZJ2xThBiWWA==
  
  "@msgpackr-extract/msgpackr-extract-linux-x64@3.0.2":
    version "3.0.2"
    resolved "https://registry.yarnpkg.com/@msgpackr-extract/msgpackr-extract-linux-x64/-/msgpackr-extract-linux-x64-3.0.2.tgz#091b1218b66c341f532611477ef89e83f25fae4f"
    integrity sha512-gsWNDCklNy7Ajk0vBBf9jEx04RUxuDQfBse918Ww+Qb9HCPoGzS+XJTLe96iN3BVK7grnLiYghP/M4L8VsaHeA==
  
  "@msgpackr-extract/msgpackr-extract-win32-x64@3.0.2":
    version "3.0.2"
    resolved "https://registry.npmjs.org/@msgpackr-extract/msgpackr-extract-win32-x64/-/msgpackr-extract-win32-x64-3.0.2.tgz"
    integrity sha512-O+6Gs8UeDbyFpbSh2CPEz/UOrrdWPTBYNblZK5CxxLisYt4kGX3Sc+czffFonyjiGSq3jWLwJS/CCJc7tBr4sQ==
  
  "@parcel/bundler-default@2.9.1":
    version "2.9.1"
    resolved "https://registry.npmjs.org/@parcel/bundler-default/-/bundler-default-2.9.1.tgz"
    integrity sha512-gNTaSQpp7jiFvkQ/P/KfAiVLT3UOEs5bBivQm4OMdgSi2DTIsjGMQVQ7JDzvzEzrHiFlDmdXKxUagex54pOtJg==
    dependencies:
      "@parcel/diagnostic" "2.9.1"
      "@parcel/graph" "2.9.1"
      "@parcel/hash" "2.9.1"
      "@parcel/plugin" "2.9.1"
      "@parcel/utils" "2.9.1"
      nullthrows "^1.1.1"
  
  "@parcel/cache@2.9.1":
    version "2.9.1"
    resolved "https://registry.npmjs.org/@parcel/cache/-/cache-2.9.1.tgz"
    integrity sha512-2aFWUAi7vkcnIdfOw3oW/vhgvwv9MPb+LjmJSkE59nNUuSJe83jJFAPAhqQTHd9L3kX/Xk+xJBNYNubUq/Cieg==
    dependencies:
      "@parcel/fs" "2.9.1"
      "@parcel/logger" "2.9.1"
      "@parcel/utils" "2.9.1"
      lmdb "2.7.11"
  
  "@parcel/codeframe@2.9.1":
    version "2.9.1"
    resolved "https://registry.npmjs.org/@parcel/codeframe/-/codeframe-2.9.1.tgz"
    integrity sha512-qLVIyEHuZq8wWYaXVAwxMzlK3QqWlaB5fUSe1n+kITEa9EEwb2WPmysYAsWiVaFdD62A0+1klJ8Sq9gapOMIng==
    dependencies:
      chalk "^4.1.0"
  
  "@parcel/compressor-raw@2.9.1":
    version "2.9.1"
    resolved "https://registry.npmjs.org/@parcel/compressor-raw/-/compressor-raw-2.9.1.tgz"
    integrity sha512-aUkZ0pOzGjQ9kyaUQ/suDVmU5lR4mT9fU5HXlp3hGD7MWh2HFJUOfQ3gp5g3P9x+MeVZKU+ht6UcIMhrzelLGQ==
    dependencies:
      "@parcel/plugin" "2.9.1"
  
  "@parcel/config-default@2.9.1":
    version "2.9.1"
    resolved "https://registry.npmjs.org/@parcel/config-default/-/config-default-2.9.1.tgz"
    integrity sha512-oH6NHKaKp2YBHOcQJxwHGPbgGCZZZH1I4eef+KRBFiabgiDQxHLni+vg+c+mErd8lFrNn2gcGIdKzQwWqavT+w==
    dependencies:
      "@parcel/bundler-default" "2.9.1"
      "@parcel/compressor-raw" "2.9.1"
      "@parcel/namer-default" "2.9.1"
      "@parcel/optimizer-css" "2.9.1"
      "@parcel/optimizer-htmlnano" "2.9.1"
      "@parcel/optimizer-image" "2.9.1"
      "@parcel/optimizer-svgo" "2.9.1"
      "@parcel/optimizer-swc" "2.9.1"
      "@parcel/packager-css" "2.9.1"
      "@parcel/packager-html" "2.9.1"
      "@parcel/packager-js" "2.9.1"
      "@parcel/packager-raw" "2.9.1"
      "@parcel/packager-svg" "2.9.1"
      "@parcel/reporter-dev-server" "2.9.1"
      "@parcel/resolver-default" "2.9.1"
      "@parcel/runtime-browser-hmr" "2.9.1"
      "@parcel/runtime-js" "2.9.1"
      "@parcel/runtime-react-refresh" "2.9.1"
      "@parcel/runtime-service-worker" "2.9.1"
      "@parcel/transformer-babel" "2.9.1"
      "@parcel/transformer-css" "2.9.1"
      "@parcel/transformer-html" "2.9.1"
      "@parcel/transformer-image" "2.9.1"
      "@parcel/transformer-js" "2.9.1"
      "@parcel/transformer-json" "2.9.1"
      "@parcel/transformer-postcss" "2.9.1"
      "@parcel/transformer-posthtml" "2.9.1"
      "@parcel/transformer-raw" "2.9.1"
      "@parcel/transformer-react-refresh-wrap" "2.9.1"
      "@parcel/transformer-svg" "2.9.1"
  
  "@parcel/core@2.9.1":
    version "2.9.1"
    resolved "https://registry.npmjs.org/@parcel/core/-/core-2.9.1.tgz"
    integrity sha512-D/7iyRV5c8kYMV1JGkokktxh3ON5CMvNAllaBucl4SMatAyLo5aLjGG5ey6FD/4Tv+JJ6NsldLtkvciDVJdgFQ==
    dependencies:
      "@mischnic/json-sourcemap" "^0.1.0"
      "@parcel/cache" "2.9.1"
      "@parcel/diagnostic" "2.9.1"
      "@parcel/events" "2.9.1"
      "@parcel/fs" "2.9.1"
      "@parcel/graph" "2.9.1"
      "@parcel/hash" "2.9.1"
      "@parcel/logger" "2.9.1"
      "@parcel/package-manager" "2.9.1"
      "@parcel/plugin" "2.9.1"
      "@parcel/profiler" "2.9.1"
      "@parcel/source-map" "^2.1.1"
      "@parcel/types" "2.9.1"
      "@parcel/utils" "2.9.1"
      "@parcel/workers" "2.9.1"
      abortcontroller-polyfill "^1.1.9"
      base-x "^3.0.8"
      browserslist "^4.6.6"
      clone "^2.1.1"
      dotenv "^7.0.0"
      dotenv-expand "^5.1.0"
      json5 "^2.2.0"
      msgpackr "^1.5.4"
      nullthrows "^1.1.1"
      semver "^5.7.1"
  
  "@parcel/diagnostic@2.9.1":
    version "2.9.1"
    resolved "https://registry.npmjs.org/@parcel/diagnostic/-/diagnostic-2.9.1.tgz"
    integrity sha512-LM+w4maoAsjcL+javaHw9B9oEQoLdg/fMCNbuTmAKpQWi16hfNkr4+xz7AxxwL3dCcL7uuvVgoUOUubwxWNLAA==
    dependencies:
      "@mischnic/json-sourcemap" "^0.1.0"
      nullthrows "^1.1.1"
  
  "@parcel/events@2.9.1":
    version "2.9.1"
    resolved "https://registry.npmjs.org/@parcel/events/-/events-2.9.1.tgz"
    integrity sha512-tga4FiJB1TC4iOKBK66e9zXpcDFXvJhXmsgOMsgSTM6uCZMXeGaYEixHNlPDs3HTfg17qAmHHlhfgPBbku/aOg==
  
  "@parcel/fs-search@2.9.1":
    version "2.9.1"
    resolved "https://registry.npmjs.org/@parcel/fs-search/-/fs-search-2.9.1.tgz"
    integrity sha512-F7SkVsMb5XYcWmeptLz5D3g76Raed3dmNulJMrWIECP8lJ1LUcCExQId7NsdeCfRbNRwaf84gdsjc/1GKM/QYg==
  
  "@parcel/fs@2.9.1":
    version "2.9.1"
    resolved "https://registry.npmjs.org/@parcel/fs/-/fs-2.9.1.tgz"
    integrity sha512-F/GRHtHN4AuTauadsq/UQ1OSpLBLAS/96Sv1x09/AKZxNlZ2UzWExoYEhSkVM5smKVzSnx8XP9OqABcHcZwOLQ==
    dependencies:
      "@parcel/fs-search" "2.9.1"
      "@parcel/types" "2.9.1"
      "@parcel/utils" "2.9.1"
      "@parcel/watcher" "^2.0.7"
      "@parcel/workers" "2.9.1"
  
  "@parcel/graph@2.9.1":
    version "2.9.1"
    resolved "https://registry.npmjs.org/@parcel/graph/-/graph-2.9.1.tgz"
    integrity sha512-fc/Yk1XPzo3ZHhKS7l5aETAEBpnF0nK+0TawkNrQ2rcL21MG1kHNYSR8uBwOqyXmBSMEItals5Ixgd8fWa+9PQ==
    dependencies:
      nullthrows "^1.1.1"
  
  "@parcel/hash@2.9.1":
    version "2.9.1"
    resolved "https://registry.npmjs.org/@parcel/hash/-/hash-2.9.1.tgz"
    integrity sha512-fiqAIi/23h5tnH5W7DRTwOhfRPhadHvI7hYoG8YFGvnFxSQ/XCnOID0B0/vNhaluICSPeFcedjAmDVdqY6/X7w==
    dependencies:
      xxhash-wasm "^0.4.2"
  
  "@parcel/logger@2.9.1":
    version "2.9.1"
    resolved "https://registry.npmjs.org/@parcel/logger/-/logger-2.9.1.tgz"
    integrity sha512-wUH9ShrRr3RwNa75ymegDIAdJiY3dGB7HCgIP6VOOc2CGyGA2DJKbbYGfw5mkl3DV8lUV+dYsWYMGXZhInAQCQ==
    dependencies:
      "@parcel/diagnostic" "2.9.1"
      "@parcel/events" "2.9.1"
  
  "@parcel/markdown-ansi@2.9.1":
    version "2.9.1"
    resolved "https://registry.npmjs.org/@parcel/markdown-ansi/-/markdown-ansi-2.9.1.tgz"
    integrity sha512-FpOz2ltnKnm6QaQCdcpuAEwGuScVUq0ixT/QAmU7A3/cwlsoxqMkB2XeWYIVTjs7p7Bsu0Ctdid/6pdtP7ghpg==
    dependencies:
      chalk "^4.1.0"
  
  "@parcel/namer-default@2.9.1":
    version "2.9.1"
    resolved "https://registry.npmjs.org/@parcel/namer-default/-/namer-default-2.9.1.tgz"
    integrity sha512-XHpAc5JLQchUqRrYqnUvinReR2nCyiD+DhIedMW5hURwlCPBlfcTVf6M5kSSpjzqRDVKezx3TFF6dzZNv0fBJQ==
    dependencies:
      "@parcel/diagnostic" "2.9.1"
      "@parcel/plugin" "2.9.1"
      nullthrows "^1.1.1"
  
  "@parcel/node-resolver-core@3.0.1":
    version "3.0.1"
    resolved "https://registry.npmjs.org/@parcel/node-resolver-core/-/node-resolver-core-3.0.1.tgz"
    integrity sha512-4owokOoHCONeazQGndB4PkIaUhZfyWuCT7Sx4UJc2UhR1V82MlahHrT2ItT0pkQyKWwCSNgHdBgdKUgKRdIiAw==
    dependencies:
      "@mischnic/json-sourcemap" "^0.1.0"
      "@parcel/diagnostic" "2.9.1"
      "@parcel/fs" "2.9.1"
      "@parcel/utils" "2.9.1"
      nullthrows "^1.1.1"
      semver "^5.7.1"
  
  "@parcel/optimizer-css@2.9.1":
    version "2.9.1"
    resolved "https://registry.npmjs.org/@parcel/optimizer-css/-/optimizer-css-2.9.1.tgz"
    integrity sha512-IYQpV0kc0KN/aqRAWQsZ8b2pbI4ha4T5HAi27lTGIhQNvEixUtf0gJvCJVSlBxpdMiXVJq9pp97UamoNuB6oig==
    dependencies:
      "@parcel/diagnostic" "2.9.1"
      "@parcel/plugin" "2.9.1"
      "@parcel/source-map" "^2.1.1"
      "@parcel/utils" "2.9.1"
      browserslist "^4.6.6"
      lightningcss "^1.16.1"
      nullthrows "^1.1.1"
  
  "@parcel/optimizer-htmlnano@2.9.1":
    version "2.9.1"
    resolved "https://registry.npmjs.org/@parcel/optimizer-htmlnano/-/optimizer-htmlnano-2.9.1.tgz"
    integrity sha512-t/e9XsoXZViqOFWcz3LlEClCOYNCjP6MIo+p+WmAuc5+QFF0/9viNqgRbhVe8V1tbtRofxsm4BossFOjOBSjmg==
    dependencies:
      "@parcel/plugin" "2.9.1"
      htmlnano "^2.0.0"
      nullthrows "^1.1.1"
      posthtml "^0.16.5"
      svgo "^2.4.0"
  
  "@parcel/optimizer-image@2.9.1":
    version "2.9.1"
    resolved "https://registry.npmjs.org/@parcel/optimizer-image/-/optimizer-image-2.9.1.tgz"
    integrity sha512-Ml51RUGbQXyoHZ9yhyal8J/khZeWZX5J8NPOEvkCmmOkxo/qM4CMPIvJStzzn5K7mOPRKUheDkM/QoNGO5gTwA==
    dependencies:
      "@parcel/diagnostic" "2.9.1"
      "@parcel/plugin" "2.9.1"
      "@parcel/utils" "2.9.1"
      "@parcel/workers" "2.9.1"
  
  "@parcel/optimizer-svgo@2.9.1":
    version "2.9.1"
    resolved "https://registry.npmjs.org/@parcel/optimizer-svgo/-/optimizer-svgo-2.9.1.tgz"
    integrity sha512-8XHSEIjJfdTFtUQzRiy0K+fbvdcheYc+azdyuJPnIV5AX04k4heKwp7uH328Ylk2k0JkfDyQmjFEyPj9qWDadQ==
    dependencies:
      "@parcel/diagnostic" "2.9.1"
      "@parcel/plugin" "2.9.1"
      "@parcel/utils" "2.9.1"
      svgo "^2.4.0"
  
  "@parcel/optimizer-swc@2.9.1":
    version "2.9.1"
    resolved "https://registry.npmjs.org/@parcel/optimizer-swc/-/optimizer-swc-2.9.1.tgz"
    integrity sha512-bLDkAwkmFE8YZNHcfJNj22haSLXrqjZkGXbPgGDkanCUS52yWv1+OFZ+6frX2q4EdXaTX8nFZSJL4VPHZZiUGQ==
    dependencies:
      "@parcel/diagnostic" "2.9.1"
      "@parcel/plugin" "2.9.1"
      "@parcel/source-map" "^2.1.1"
      "@parcel/utils" "2.9.1"
      "@swc/core" "^1.3.36"
      nullthrows "^1.1.1"
  
  "@parcel/package-manager@2.9.1":
    version "2.9.1"
    resolved "https://registry.npmjs.org/@parcel/package-manager/-/package-manager-2.9.1.tgz"
    integrity sha512-cTUBUPRm62770Vw4YG5WGlkFxJII320nSobbP0TMggE/CGXg3ru2pvvX6WqXTFAHeM/z78xTPDq0NP97DBp5Ow==
    dependencies:
      "@parcel/diagnostic" "2.9.1"
      "@parcel/fs" "2.9.1"
      "@parcel/logger" "2.9.1"
      "@parcel/node-resolver-core" "3.0.1"
      "@parcel/types" "2.9.1"
      "@parcel/utils" "2.9.1"
      "@parcel/workers" "2.9.1"
      semver "^5.7.1"
  
  "@parcel/packager-css@2.9.1":
    version "2.9.1"
    resolved "https://registry.npmjs.org/@parcel/packager-css/-/packager-css-2.9.1.tgz"
    integrity sha512-efMShrIwVBY9twZTGQ5QFwl9H3xJg8nSjl/xgOGq9rrbkmcrVlfSgPL9ExNx75EvmOwOKxZjFiMsNYNICPNfgg==
    dependencies:
      "@parcel/diagnostic" "2.9.1"
      "@parcel/plugin" "2.9.1"
      "@parcel/source-map" "^2.1.1"
      "@parcel/utils" "2.9.1"
      nullthrows "^1.1.1"
  
  "@parcel/packager-html@2.9.1":
    version "2.9.1"
    resolved "https://registry.npmjs.org/@parcel/packager-html/-/packager-html-2.9.1.tgz"
    integrity sha512-mP7iIwyFDZ21XwD2SlwZoSrvKpS5Amlpi/ywd0dLdwQb5TL+Q2f05IcRNfFbWdVd1AJycDQ85ERokNKN3QPMkg==
    dependencies:
      "@parcel/plugin" "2.9.1"
      "@parcel/types" "2.9.1"
      "@parcel/utils" "2.9.1"
      nullthrows "^1.1.1"
      posthtml "^0.16.5"
  
  "@parcel/packager-js@2.9.1":
    version "2.9.1"
    resolved "https://registry.npmjs.org/@parcel/packager-js/-/packager-js-2.9.1.tgz"
    integrity sha512-MmeKdp/obO36M8Y9yYAFiFkdhRFbQtYGSxbMwm2JVtRKMcFmlR5KzqLUg67OX6qgKw5lZZ1TkYhSI0hQQ6+Vqw==
    dependencies:
      "@parcel/diagnostic" "2.9.1"
      "@parcel/hash" "2.9.1"
      "@parcel/plugin" "2.9.1"
      "@parcel/source-map" "^2.1.1"
      "@parcel/utils" "2.9.1"
      globals "^13.2.0"
      nullthrows "^1.1.1"
  
  "@parcel/packager-raw@2.9.1":
    version "2.9.1"
    resolved "https://registry.npmjs.org/@parcel/packager-raw/-/packager-raw-2.9.1.tgz"
    integrity sha512-qHJ389R5cLgR2PcJt8sOrNBcAY0qpZRMTOMgkc9zYkKy1tdUMgCUuDfO1kShfv4E7rr084mtlu9tK8MXChyF6w==
    dependencies:
      "@parcel/plugin" "2.9.1"
  
  "@parcel/packager-svg@2.9.1":
    version "2.9.1"
    resolved "https://registry.npmjs.org/@parcel/packager-svg/-/packager-svg-2.9.1.tgz"
    integrity sha512-aRzuiwcUlNATfSIbeYpDkJXvwdiAAbiQlxSz6cI53NqWwZn+Dn79WyiKPBST14ij4/P3ZjkcwXevqHpvXP/ArQ==
    dependencies:
      "@parcel/plugin" "2.9.1"
      "@parcel/types" "2.9.1"
      "@parcel/utils" "2.9.1"
      posthtml "^0.16.4"
  
  "@parcel/plugin@2.9.1":
    version "2.9.1"
    resolved "https://registry.npmjs.org/@parcel/plugin/-/plugin-2.9.1.tgz"
    integrity sha512-kD+BNkPGRcxZZUKhAXqF/bilUMhXUlf/ZixVlBS5rEsUB1yx/Ze8c4ypaKr5WsEwv34C+X4p4WFYdZVJEr3Y+g==
    dependencies:
      "@parcel/types" "2.9.1"
  
  "@parcel/profiler@2.9.1":
    version "2.9.1"
    resolved "https://registry.npmjs.org/@parcel/profiler/-/profiler-2.9.1.tgz"
    integrity sha512-hrptwbh9uUxnWHAAXiZ6BtpM74cU+VfrOWgnmUA8pkYWBmrb2wSLeqRKl8FiSt+nfRTTbNAIlmn9vk2x+wRNOA==
    dependencies:
      "@parcel/diagnostic" "2.9.1"
      "@parcel/events" "2.9.1"
      chrome-trace-event "^1.0.2"
  
  "@parcel/reporter-cli@2.9.1":
    version "2.9.1"
    resolved "https://registry.npmjs.org/@parcel/reporter-cli/-/reporter-cli-2.9.1.tgz"
    integrity sha512-xzJaaHQwcsmHijlCl7gOAdqU0n6AnW7c7rN8AXDH8BvnOx2v8NC8nCIEmDTOfpQYepcuER2+ilTQ7jpDx/iDhg==
    dependencies:
      "@parcel/plugin" "2.9.1"
      "@parcel/types" "2.9.1"
      "@parcel/utils" "2.9.1"
      chalk "^4.1.0"
      term-size "^2.2.1"
  
  "@parcel/reporter-dev-server@2.9.1":
    version "2.9.1"
    resolved "https://registry.npmjs.org/@parcel/reporter-dev-server/-/reporter-dev-server-2.9.1.tgz"
    integrity sha512-Wa9kmtnuYTqEsKakhrSLvZmWxM4TB+Dg2jl1vC3gYfvlsgt/d/Hp/y2giPH1EeCm4wEEQfdAY3WmSUx9p1x07w==
    dependencies:
      "@parcel/plugin" "2.9.1"
      "@parcel/utils" "2.9.1"
  
  "@parcel/reporter-tracer@2.9.1":
    version "2.9.1"
    resolved "https://registry.npmjs.org/@parcel/reporter-tracer/-/reporter-tracer-2.9.1.tgz"
    integrity sha512-LgZKx9qwBAChWHBcpHW8GJXz45IGtiPmzs6HIDavZOiGqjGVzmbHUKxHnFaRZqR6WznJ+0ay/2o+BrJ8cyXUcg==
    dependencies:
      "@parcel/plugin" "2.9.1"
      "@parcel/utils" "2.9.1"
      chrome-trace-event "^1.0.3"
      nullthrows "^1.1.1"
  
  "@parcel/resolver-default@2.9.1":
    version "2.9.1"
    resolved "https://registry.npmjs.org/@parcel/resolver-default/-/resolver-default-2.9.1.tgz"
    integrity sha512-Q+knNaRDTbGIGqUnddtWEgpYduVBkDyi/CpxKpi7dP7sVYNJsXwEf82hpjX6/XqotA5dehT63yJkvJ/wxJF1Nw==
    dependencies:
      "@parcel/node-resolver-core" "3.0.1"
      "@parcel/plugin" "2.9.1"
  
  "@parcel/runtime-browser-hmr@2.9.1":
    version "2.9.1"
    resolved "https://registry.npmjs.org/@parcel/runtime-browser-hmr/-/runtime-browser-hmr-2.9.1.tgz"
    integrity sha512-C+023FOsrycpBHUgUf7Nv4uN0NrLN3UkeymsAHQlgZD5QQD7+nhG6p9PQ7+HbbEAaGaeO7c/86s2qRUglufNig==
    dependencies:
      "@parcel/plugin" "2.9.1"
      "@parcel/utils" "2.9.1"
  
  "@parcel/runtime-js@2.9.1":
    version "2.9.1"
    resolved "https://registry.npmjs.org/@parcel/runtime-js/-/runtime-js-2.9.1.tgz"
    integrity sha512-caT1s1BqYNFGFAz9ul7uwDf+ZXzipiYYoHphhmT2JFweQmRA1CrMeFCuCQa2exsdu+UQpRbuKd+v5UUS2n0poQ==
    dependencies:
      "@parcel/diagnostic" "2.9.1"
      "@parcel/plugin" "2.9.1"
      "@parcel/utils" "2.9.1"
      nullthrows "^1.1.1"
  
  "@parcel/runtime-react-refresh@2.9.1":
    version "2.9.1"
    resolved "https://registry.npmjs.org/@parcel/runtime-react-refresh/-/runtime-react-refresh-2.9.1.tgz"
    integrity sha512-opDW9p3f4gVc1aVdFAyLWTL+2S8rhsPdBQRBHEi4WE2DRe/9lpA12NN5KUUHy88dlIr3wyzmaO2Fts0r/x80zg==
    dependencies:
      "@parcel/plugin" "2.9.1"
      "@parcel/utils" "2.9.1"
      react-error-overlay "6.0.9"
      react-refresh "^0.9.0"
  
  "@parcel/runtime-service-worker@2.9.1":
    version "2.9.1"
    resolved "https://registry.npmjs.org/@parcel/runtime-service-worker/-/runtime-service-worker-2.9.1.tgz"
    integrity sha512-TED4MouYjP7xbU9V7/3rjnmuWbCefrP+OC+eQJG6j3HwKiL92QTZ6trWqdLuxFhtZMXKjwbWaBBbIcELB/PbtQ==
    dependencies:
      "@parcel/plugin" "2.9.1"
      "@parcel/utils" "2.9.1"
      nullthrows "^1.1.1"
  
  "@parcel/source-map@^2.1.1":
    version "2.1.1"
    resolved "https://registry.npmjs.org/@parcel/source-map/-/source-map-2.1.1.tgz"
    integrity sha512-Ejx1P/mj+kMjQb8/y5XxDUn4reGdr+WyKYloBljpppUy8gs42T+BNoEOuRYqDVdgPc6NxduzIDoJS9pOFfV5Ew==
    dependencies:
      detect-libc "^1.0.3"
  
  "@parcel/transformer-babel@2.9.1":
    version "2.9.1"
    resolved "https://registry.npmjs.org/@parcel/transformer-babel/-/transformer-babel-2.9.1.tgz"
    integrity sha512-HEU3bavD9Cu0RP5T1ioGLbsOQDqND/SQWal8L2f9HsgwTs2kzmTxYylNccqNjAMj3NnoyXzKMKbZyG8qEuLlpw==
    dependencies:
      "@parcel/diagnostic" "2.9.1"
      "@parcel/plugin" "2.9.1"
      "@parcel/source-map" "^2.1.1"
      "@parcel/utils" "2.9.1"
      browserslist "^4.6.6"
      json5 "^2.2.0"
      nullthrows "^1.1.1"
      semver "^5.7.0"
  
  "@parcel/transformer-css@2.9.1":
    version "2.9.1"
    resolved "https://registry.npmjs.org/@parcel/transformer-css/-/transformer-css-2.9.1.tgz"
    integrity sha512-nT+xOfyveX6qSb088dOh59HWJ1gm7DAIQZPbjTa1wLzRQul8ysdQRf/loulBmtUheol7YwQtVvUHN2XgoMDCAw==
    dependencies:
      "@parcel/diagnostic" "2.9.1"
      "@parcel/plugin" "2.9.1"
      "@parcel/source-map" "^2.1.1"
      "@parcel/utils" "2.9.1"
      browserslist "^4.6.6"
      lightningcss "^1.16.1"
      nullthrows "^1.1.1"
  
  "@parcel/transformer-html@2.9.1":
    version "2.9.1"
    resolved "https://registry.npmjs.org/@parcel/transformer-html/-/transformer-html-2.9.1.tgz"
    integrity sha512-pIkJbcB91Dl2RyZmVd9neGkf7XJeYXwgx0et5hktw+3m0S2QB399OjVWwi5Q6ZdtTrWkQnHLmbeHT3NOmNWlaw==
    dependencies:
      "@parcel/diagnostic" "2.9.1"
      "@parcel/hash" "2.9.1"
      "@parcel/plugin" "2.9.1"
      nullthrows "^1.1.1"
      posthtml "^0.16.5"
      posthtml-parser "^0.10.1"
      posthtml-render "^3.0.0"
      semver "^5.7.1"
      srcset "4"
  
  "@parcel/transformer-image@2.9.1":
    version "2.9.1"
    resolved "https://registry.npmjs.org/@parcel/transformer-image/-/transformer-image-2.9.1.tgz"
    integrity sha512-3D4zEavCM1i354ZgJWg7RBNgASA7Q2iHN374lH5hT6I7VAJzNT+PTNrPNQ4vKhi69r+i1sQQzsPdgEUXOExmbQ==
    dependencies:
      "@parcel/plugin" "2.9.1"
      "@parcel/utils" "2.9.1"
      "@parcel/workers" "2.9.1"
      nullthrows "^1.1.1"
  
  "@parcel/transformer-js@2.9.1":
    version "2.9.1"
    resolved "https://registry.npmjs.org/@parcel/transformer-js/-/transformer-js-2.9.1.tgz"
    integrity sha512-7hlbAIufIvx6iPspfZ3v1g2cmtpaNEaC04RzRv8HVVru8TE868yplFI840ZBnF5ylOfmxwFTUjlphVtVcPs13A==
    dependencies:
      "@parcel/diagnostic" "2.9.1"
      "@parcel/plugin" "2.9.1"
      "@parcel/source-map" "^2.1.1"
      "@parcel/utils" "2.9.1"
      "@parcel/workers" "2.9.1"
      "@swc/helpers" "^0.5.0"
      browserslist "^4.6.6"
      nullthrows "^1.1.1"
      regenerator-runtime "^0.13.7"
      semver "^5.7.1"
  
  "@parcel/transformer-json@2.9.1":
    version "2.9.1"
    resolved "https://registry.npmjs.org/@parcel/transformer-json/-/transformer-json-2.9.1.tgz"
    integrity sha512-yFRSz1qVbdCssC65D37Ru3diQk7GQl5ZOOyQ7MeMYlhvl8mcFKGRC3wUAyqBZrh70VOWuWR7WS2XLdqTdE9WqQ==
    dependencies:
      "@parcel/plugin" "2.9.1"
      json5 "^2.2.0"
  
  "@parcel/transformer-postcss@2.9.1":
    version "2.9.1"
    resolved "https://registry.npmjs.org/@parcel/transformer-postcss/-/transformer-postcss-2.9.1.tgz"
    integrity sha512-sNSJbdT4Z8H+/cZ/vCmos44SfbB9O5gNgMEgGa6WqU7MV7cVlnE8zuNJkxR97ZZTpIXNrfVerOY3lOrUrFCxdA==
    dependencies:
      "@parcel/diagnostic" "2.9.1"
      "@parcel/hash" "2.9.1"
      "@parcel/plugin" "2.9.1"
      "@parcel/utils" "2.9.1"
      clone "^2.1.1"
      nullthrows "^1.1.1"
      postcss-value-parser "^4.2.0"
      semver "^5.7.1"
  
  "@parcel/transformer-posthtml@2.9.1":
    version "2.9.1"
    resolved "https://registry.npmjs.org/@parcel/transformer-posthtml/-/transformer-posthtml-2.9.1.tgz"
    integrity sha512-I6fr6lVAqjDxdkOwxelx7FibMWP55JPf3ZTXKCWpoIGkOuT2i2tYZMdXEHVshZWJmByelbYSC96w8P8rSY+6XQ==
    dependencies:
      "@parcel/plugin" "2.9.1"
      "@parcel/utils" "2.9.1"
      nullthrows "^1.1.1"
      posthtml "^0.16.5"
      posthtml-parser "^0.10.1"
      posthtml-render "^3.0.0"
      semver "^5.7.1"
  
  "@parcel/transformer-raw@2.9.1":
    version "2.9.1"
    resolved "https://registry.npmjs.org/@parcel/transformer-raw/-/transformer-raw-2.9.1.tgz"
    integrity sha512-Wr0Y9fETiyF5ntL3yhn/ZXjcnswcn1T9YLXa+yAxpAxKW+/D7A1jKVS0tyDOZsdakWA9gzlLP6w1O4Nl8pVmEg==
    dependencies:
      "@parcel/plugin" "2.9.1"
  
  "@parcel/transformer-react-refresh-wrap@2.9.1":
    version "2.9.1"
    resolved "https://registry.npmjs.org/@parcel/transformer-react-refresh-wrap/-/transformer-react-refresh-wrap-2.9.1.tgz"
    integrity sha512-ML+KDvLoZ6O+9r3/yf8DeVtobhYc9DPXYHZ75aXoFyou97I9WDf4EqlY4/MSkbZV79FUXxC68dyLJj3Q9ILqeA==
    dependencies:
      "@parcel/plugin" "2.9.1"
      "@parcel/utils" "2.9.1"
      react-refresh "^0.9.0"
  
  "@parcel/transformer-svg@2.9.1":
    version "2.9.1"
    resolved "https://registry.npmjs.org/@parcel/transformer-svg/-/transformer-svg-2.9.1.tgz"
    integrity sha512-DYcUfutjtghPXMVybFygncIKJl/4rrpQMxv8yTVeDtplUTvFzbI+3hIoYfYm8z9CXaSBzsCw2Kud6PD8Ob2AzQ==
    dependencies:
      "@parcel/diagnostic" "2.9.1"
      "@parcel/hash" "2.9.1"
      "@parcel/plugin" "2.9.1"
      nullthrows "^1.1.1"
      posthtml "^0.16.5"
      posthtml-parser "^0.10.1"
      posthtml-render "^3.0.0"
      semver "^5.7.1"
  
  "@parcel/types@2.9.1":
    version "2.9.1"
    resolved "https://registry.npmjs.org/@parcel/types/-/types-2.9.1.tgz"
    integrity sha512-LBx4Tvr1sK9t+FmPjS4jPvcmUcJo6co22sn0pBuz2oXISs/YK2N+3ZHXL+KsozKvLn2wXysgaWFIARN9xFoORw==
    dependencies:
      "@parcel/cache" "2.9.1"
      "@parcel/diagnostic" "2.9.1"
      "@parcel/fs" "2.9.1"
      "@parcel/package-manager" "2.9.1"
      "@parcel/source-map" "^2.1.1"
      "@parcel/workers" "2.9.1"
      utility-types "^3.10.0"
  
  "@parcel/utils@2.9.1":
    version "2.9.1"
    resolved "https://registry.npmjs.org/@parcel/utils/-/utils-2.9.1.tgz"
    integrity sha512-0P/zIvtvLyuzQA4VFMzA8F22lrUyGR+phve/NlBUH+4Tn+Rt/evh9fP9vG1YTVMXWd90tesLdrtqatm1hqrJSA==
    dependencies:
      "@parcel/codeframe" "2.9.1"
      "@parcel/diagnostic" "2.9.1"
      "@parcel/hash" "2.9.1"
      "@parcel/logger" "2.9.1"
      "@parcel/markdown-ansi" "2.9.1"
      "@parcel/source-map" "^2.1.1"
      chalk "^4.1.0"
      nullthrows "^1.1.1"
  
  "@parcel/watcher@^2.0.7":
    version "2.1.0"
    resolved "https://registry.npmjs.org/@parcel/watcher/-/watcher-2.1.0.tgz"
    integrity sha512-8s8yYjd19pDSsBpbkOHnT6Z2+UJSuLQx61pCFM0s5wSRvKCEMDjd/cHY3/GI1szHIWbpXpsJdg3V6ISGGx9xDw==
    dependencies:
      is-glob "^4.0.3"
      micromatch "^4.0.5"
      node-addon-api "^3.2.1"
      node-gyp-build "^4.3.0"
  
  "@parcel/workers@2.9.1":
    version "2.9.1"
    resolved "https://registry.npmjs.org/@parcel/workers/-/workers-2.9.1.tgz"
    integrity sha512-24R4IRMX8TBghak6pDCzM5B8NB4LTt0pI4dwNqSENyZA/Q5s/xMbG5gdn4aTwkAyIQ5lHrgDsHzoHbjOT0HLYQ==
    dependencies:
      "@parcel/diagnostic" "2.9.1"
      "@parcel/logger" "2.9.1"
      "@parcel/profiler" "2.9.1"
      "@parcel/types" "2.9.1"
      "@parcel/utils" "2.9.1"
      nullthrows "^1.1.1"
  
  "@protobufjs/aspromise@^1.1.1", "@protobufjs/aspromise@^1.1.2":
    version "1.1.2"
    resolved "https://registry.npmjs.org/@protobufjs/aspromise/-/aspromise-1.1.2.tgz"
    integrity sha512-j+gKExEuLmKwvz3OgROXtrJ2UG2x8Ch2YZUxahh+s1F2HZ+wAceUNLkvy6zKCPVRkU++ZWQrdxsUeQXmcg4uoQ==
  
  "@protobufjs/base64@^1.1.2":
    version "1.1.2"
    resolved "https://registry.npmjs.org/@protobufjs/base64/-/base64-1.1.2.tgz"
    integrity sha512-AZkcAA5vnN/v4PDqKyMR5lx7hZttPDgClv83E//FMNhR2TMcLUhfRUBHCmSl0oi9zMgDDqRUJkSxO3wm85+XLg==
  
  "@protobufjs/codegen@^2.0.4":
    version "2.0.4"
    resolved "https://registry.npmjs.org/@protobufjs/codegen/-/codegen-2.0.4.tgz"
    integrity sha512-YyFaikqM5sH0ziFZCN3xDC7zeGaB/d0IUb9CATugHWbd1FRFwWwt4ld4OYMPWu5a3Xe01mGAULCdqhMlPl29Jg==
  
  "@protobufjs/eventemitter@^1.1.0":
    version "1.1.0"
    resolved "https://registry.npmjs.org/@protobufjs/eventemitter/-/eventemitter-1.1.0.tgz"
    integrity sha512-j9ednRT81vYJ9OfVuXG6ERSTdEL1xVsNgqpkxMsbIabzSo3goCjDIveeGv5d03om39ML71RdmrGNjG5SReBP/Q==
  
  "@protobufjs/fetch@^1.1.0":
    version "1.1.0"
    resolved "https://registry.npmjs.org/@protobufjs/fetch/-/fetch-1.1.0.tgz"
    integrity sha512-lljVXpqXebpsijW71PZaCYeIcE5on1w5DlQy5WH6GLbFryLUrBD4932W/E2BSpfRJWseIL4v/KPgBFxDOIdKpQ==
    dependencies:
      "@protobufjs/aspromise" "^1.1.1"
      "@protobufjs/inquire" "^1.1.0"
  
  "@protobufjs/float@^1.0.2":
    version "1.0.2"
    resolved "https://registry.npmjs.org/@protobufjs/float/-/float-1.0.2.tgz"
    integrity sha512-Ddb+kVXlXst9d+R9PfTIxh1EdNkgoRe5tOX6t01f1lYWOvJnSPDBlG241QLzcyPdoNTsblLUdujGSE4RzrTZGQ==
  
  "@protobufjs/inquire@^1.1.0":
    version "1.1.0"
    resolved "https://registry.npmjs.org/@protobufjs/inquire/-/inquire-1.1.0.tgz"
    integrity sha512-kdSefcPdruJiFMVSbn801t4vFK7KB/5gd2fYvrxhuJYg8ILrmn9SKSX2tZdV6V+ksulWqS7aXjBcRXl3wHoD9Q==
  
  "@protobufjs/path@^1.1.2":
    version "1.1.2"
    resolved "https://registry.npmjs.org/@protobufjs/path/-/path-1.1.2.tgz"
    integrity sha512-6JOcJ5Tm08dOHAbdR3GrvP+yUUfkjG5ePsHYczMFLq3ZmMkAD98cDgcT2iA1lJ9NVwFd4tH/iSSoe44YWkltEA==
  
  "@protobufjs/pool@^1.1.0":
    version "1.1.0"
    resolved "https://registry.npmjs.org/@protobufjs/pool/-/pool-1.1.0.tgz"
    integrity sha512-0kELaGSIDBKvcgS4zkjz1PeddatrjYcmMWOlAuAPwAeccUrPHdUqo/J6LiymHHEiJT5NrF1UVwxY14f+fy4WQw==
  
  "@protobufjs/utf8@^1.1.0":
    version "1.1.0"
    resolved "https://registry.npmjs.org/@protobufjs/utf8/-/utf8-1.1.0.tgz"
    integrity sha512-Vvn3zZrhQZkkBE8LSuW3em98c0FwgO4nxzv6OdSxPKJIEKY2bGbHn+mhGIPerzI4twdxaP8/0+06HBpwf345Lw==
  
  "@swc/core-darwin-arm64@1.3.61":
    version "1.3.61"
    resolved "https://registry.yarnpkg.com/@swc/core-darwin-arm64/-/core-darwin-arm64-1.3.61.tgz#5935e76df79596deac71a98afbbfe82d0a8e03ab"
    integrity sha512-Ra1CZIYYyIp/Y64VcKyaLjIPUwT83JmGduvHu8vhUZOvWV4dWL4s5DrcxQVaQJjjb7Z2N/IUYYS55US1TGnxZw==
  
  "@swc/core-darwin-x64@1.3.61":
    version "1.3.61"
    resolved "https://registry.yarnpkg.com/@swc/core-darwin-x64/-/core-darwin-x64-1.3.61.tgz#14883499c59457a8a3f114f0f94004a37c743866"
    integrity sha512-LUia75UByUFkYH1Ddw7IE0X9usNVGJ7aL6+cgOTju7P0dsU0f8h/OGc/GDfp1E4qnKxDCJE+GwDRLoi4SjIxpg==
  
  "@swc/core-linux-arm-gnueabihf@1.3.61":
    version "1.3.61"
    resolved "https://registry.yarnpkg.com/@swc/core-linux-arm-gnueabihf/-/core-linux-arm-gnueabihf-1.3.61.tgz#3b9b2ad3d1387ef12372f4fc9821e760b9ac36a2"
    integrity sha512-aalPlicYxHAn2PxNlo3JFEZkMXzCtUwjP27AgMqnfV4cSz7Omo56OtC+413e/kGyCH86Er9gJRQQsxNKP8Qbsg==
  
  "@swc/core-linux-arm64-gnu@1.3.61":
    version "1.3.61"
    resolved "https://registry.yarnpkg.com/@swc/core-linux-arm64-gnu/-/core-linux-arm64-gnu-1.3.61.tgz#8d0ccdc2e45c0f8f4e270b5d144aeb3921ce5ed3"
    integrity sha512-9hGdsbQrYNPo1c7YzWF57yl17bsIuuEQi3I1fOFSv3puL3l5M/C/oCD0Bz6IdKh6mEDC5UNJE4LWtV1gFA995A==
  
  "@swc/core-linux-arm64-musl@1.3.61":
    version "1.3.61"
    resolved "https://registry.yarnpkg.com/@swc/core-linux-arm64-musl/-/core-linux-arm64-musl-1.3.61.tgz#6983481a0e15fbc8ce60c536de82e39b8669d7c5"
    integrity sha512-mVmcNfFQRP4SYbGC08IPB3B9Xox+VpGIQqA3Qg7LMCcejLAQLi4Lfe8CDvvBPlQzXHso0Cv+BicJnQVKs8JLOA==
  
  "@swc/core-linux-x64-gnu@1.3.61":
    version "1.3.61"
    resolved "https://registry.yarnpkg.com/@swc/core-linux-x64-gnu/-/core-linux-x64-gnu-1.3.61.tgz#9fe55668d1eccbce2739134d4a15436f4c17aba8"
    integrity sha512-ZkRHs7GEikN6JiVL1/stvq9BVHKrSKoRn9ulVK2hMr+mAGNOKm3Y06NSzOO+BWwMaFOgnO2dWlszCUICsQ0kpg==
  
  "@swc/core-linux-x64-musl@1.3.61":
    version "1.3.61"
    resolved "https://registry.yarnpkg.com/@swc/core-linux-x64-musl/-/core-linux-x64-musl-1.3.61.tgz#5729aa85b039d40aa642867b520fdc96267e2aa4"
    integrity sha512-zK7VqQ5JlK20+7fxI4AgvIUckeZyX0XIbliGXNMR3i+39SJq1vs9scYEmq8VnAfvNdMU5BG+DewbFJlMfCtkxQ==
  
  "@swc/core-win32-arm64-msvc@1.3.61":
    version "1.3.61"
    resolved "https://registry.yarnpkg.com/@swc/core-win32-arm64-msvc/-/core-win32-arm64-msvc-1.3.61.tgz#1e8f343b67e9c69aa55f8a3c19539f632be76b3f"
    integrity sha512-e9kVVPk5iVNhO41TvLvcExDHn5iATQ5/M4U7/CdcC7s0fK19TKSEUqkdoTLIJvHBFhgR7w3JJSErfnauO0xXoA==
  
  "@swc/core-win32-ia32-msvc@1.3.61":
    version "1.3.61"
    resolved "https://registry.yarnpkg.com/@swc/core-win32-ia32-msvc/-/core-win32-ia32-msvc-1.3.61.tgz#e560de48ef13bebd9e7bc35c19c2c40e5a2d3d4b"
    integrity sha512-7cJULfa6HvKqvFh6M/f7mKiNRhE2AjgFUCZfdOuy5r8vbtpk+qBK94TXwaDjJYDUGKzDVZw/tJ1eN4Y9n9Ls/Q==
  
  "@swc/core-win32-x64-msvc@1.3.61":
    version "1.3.61"
    resolved "https://registry.npmjs.org/@swc/core-win32-x64-msvc/-/core-win32-x64-msvc-1.3.61.tgz"
    integrity sha512-Jx8S+21WcKF/wlhW+sYpystWUyymDTEsbBpOgBRpXZelakVcNBCIIYSZOKW/A9PwWTpu6S8yvbs9nUOzKiVPqA==
  
  "@swc/core@^1.3.36":
    version "1.3.61"
    resolved "https://registry.npmjs.org/@swc/core/-/core-1.3.61.tgz"
    integrity sha512-p58Ltdjo7Yy8CU3zK0cp4/eAgy5qkHs35znGedqVGPiA67cuYZM63DuTfmyrOntMRwQnaFkMLklDAPCizDdDng==
    optionalDependencies:
      "@swc/core-darwin-arm64" "1.3.61"
      "@swc/core-darwin-x64" "1.3.61"
      "@swc/core-linux-arm-gnueabihf" "1.3.61"
      "@swc/core-linux-arm64-gnu" "1.3.61"
      "@swc/core-linux-arm64-musl" "1.3.61"
      "@swc/core-linux-x64-gnu" "1.3.61"
      "@swc/core-linux-x64-musl" "1.3.61"
      "@swc/core-win32-arm64-msvc" "1.3.61"
      "@swc/core-win32-ia32-msvc" "1.3.61"
      "@swc/core-win32-x64-msvc" "1.3.61"
  
  "@swc/helpers@^0.5.0":
    version "0.5.1"
    resolved "https://registry.npmjs.org/@swc/helpers/-/helpers-0.5.1.tgz"
    integrity sha512-sJ902EfIzn1Fa+qYmjdQqh8tPsoxyBz+8yBKC2HKUxyezKJFwPGOn7pv4WY6QuQW//ySQi5lJjA/ZT9sNWWNTg==
    dependencies:
      tslib "^2.4.0"
  
  "@trysound/sax@0.2.0":
    version "0.2.0"
    resolved "https://registry.npmjs.org/@trysound/sax/-/sax-0.2.0.tgz"
    integrity sha512-L7z9BgrNEcYyUYtF+HaEfiS5ebkh9jXqbszz7pC0hRBPaatV0XjSD3+eHrpqFemQfgwiFF0QPIarnIihIDn7OA==
  
  "@types/long@^4.0.1":
    version "4.0.2"
    resolved "https://registry.npmjs.org/@types/long/-/long-4.0.2.tgz"
    integrity sha512-MqTGEo5bj5t157U6fA/BiDynNkn0YknVdh48CMPkTSpFTVmvao5UQmm7uEF6xBEo7qIMAlY/JSleYaE6VOdpaA==
  
  "@types/node@>=12.12.47", "@types/node@>=13.7.0", "@types/node@^20.4.8":
    version "20.4.8"
    resolved "https://registry.yarnpkg.com/@types/node/-/node-20.4.8.tgz#b5dda19adaa473a9bf0ab5cbd8f30ec7d43f5c85"
    integrity sha512-0mHckf6D2DiIAzh8fM8f3HQCvMKDpK94YQ0DSVkfWTG9BZleYIWudw9cJxX8oCk9bM+vAkDyujDV6dmKHbvQpg==
  
  "@vaadin/router@^1.7.5":
    version "1.7.5"
    resolved "https://registry.npmjs.org/@vaadin/router/-/router-1.7.5.tgz"
    integrity sha512-uRN3vd1ihgd596bF/NMZqpgxau0nlvIc0/JDd1EwStFNbZID/xIVse5LXdQhIyUKLmSl4T0GeCQK505xerWX0w==
    dependencies:
      "@vaadin/vaadin-usage-statistics" "^2.1.0"
      path-to-regexp "2.4.0"
  
  "@vaadin/vaadin-development-mode-detector@^2.0.0":
    version "2.0.6"
    resolved "https://registry.npmjs.org/@vaadin/vaadin-development-mode-detector/-/vaadin-development-mode-detector-2.0.6.tgz"
    integrity sha512-N6a5nLT/ytEUlpPo+nvdCKIGoyNjPsj3rzPGvGYK8x9Ceg76OTe1xI/GtN71mRW9e2HUScR0kCNOkl1Z63YDjw==
  
  "@vaadin/vaadin-usage-statistics@^2.1.0":
    version "2.1.2"
    resolved "https://registry.npmjs.org/@vaadin/vaadin-usage-statistics/-/vaadin-usage-statistics-2.1.2.tgz"
    integrity sha512-xKs1PvRfTXsG0eWWcImLXWjv7D+f1vfoIvovppv6pZ5QX8xgcxWUdNgERlOOdGt3CTuxQXukTBW3+Qfva+OXSg==
    dependencies:
      "@vaadin/vaadin-development-mode-detector" "^2.0.0"
  
  abortcontroller-polyfill@^1.1.9:
    version "1.7.5"
    resolved "https://registry.npmjs.org/abortcontroller-polyfill/-/abortcontroller-polyfill-1.7.5.tgz"
    integrity sha512-JMJ5soJWP18htbbxJjG7bG6yuI6pRhgJ0scHHTfkUjf6wjP912xZWvM+A4sJK3gqd9E8fcPbDnOefbA9Th/FIQ==
  
  ansi-regex@^5.0.1:
    version "5.0.1"
    resolved "https://registry.npmjs.org/ansi-regex/-/ansi-regex-5.0.1.tgz"
    integrity sha512-quJQXlTSUGL2LH9SUXo8VwsY4soanhgo6LNSm84E1LBcE8s3O0wpdiRzyR9z/ZZJMlMWv37qOOb9pdJlMUEKFQ==
  
  ansi-styles@^3.2.1:
    version "3.2.1"
    resolved "https://registry.npmjs.org/ansi-styles/-/ansi-styles-3.2.1.tgz"
    integrity sha512-VT0ZI6kZRdTh8YyJw3SMbYm/u+NqfsAxEpWO0Pf9sq8/e94WxxOpPKx9FR1FlyCtOVDNOQ+8ntlqFxiRc+r5qA==
    dependencies:
      color-convert "^1.9.0"
  
  ansi-styles@^4.0.0, ansi-styles@^4.1.0:
    version "4.3.0"
    resolved "https://registry.npmjs.org/ansi-styles/-/ansi-styles-4.3.0.tgz"
    integrity sha512-zbB9rCJAT1rbjiVDb2hqKFHNYLxgtk8NURxZ3IZwD3F6NtxbXZQCnnSi1Lkx+IDohdPlFp222wVALIheZJQSEg==
    dependencies:
      color-convert "^2.0.1"
  
  argparse@^2.0.1:
    version "2.0.1"
    resolved "https://registry.npmjs.org/argparse/-/argparse-2.0.1.tgz"
    integrity sha512-8+9WqebbFzpX9OR+Wa6O29asIogeRMzcGtAINdpMHHyAg10f05aSFVBbcEqGf/PXw1EjAZ+q2/bEBg3DvurK3Q==
  
  base-x@^3.0.8:
    version "3.0.9"
    resolved "https://registry.npmjs.org/base-x/-/base-x-3.0.9.tgz"
    integrity sha512-H7JU6iBHTal1gp56aKoaa//YUxEaAOUiydvrV/pILqIHXTtqxSkATOnDA2u+jZ/61sD+L/412+7kzXRtWukhpQ==
    dependencies:
      safe-buffer "^5.0.1"
  
  boolbase@^1.0.0:
    version "1.0.0"
    resolved "https://registry.npmjs.org/boolbase/-/boolbase-1.0.0.tgz"
    integrity sha512-JZOSA7Mo9sNGB8+UjSgzdLtokWAky1zbztM3WRLCbZ70/3cTANmQmOdR7y2g+J0e2WXywy1yS468tY+IruqEww==
  
  braces@^3.0.2:
    version "3.0.2"
    resolved "https://registry.npmjs.org/braces/-/braces-3.0.2.tgz"
    integrity sha512-b8um+L1RzM3WDSzvhm6gIz1yfTbBt6YTlcEKAvsmqCZZFw46z626lVj9j1yEPW33H5H+lBQpZMP1k8l+78Ha0A==
    dependencies:
      fill-range "^7.0.1"
  
  browserslist@^4.6.6:
    version "4.21.7"
    resolved "https://registry.npmjs.org/browserslist/-/browserslist-4.21.7.tgz"
    integrity sha512-BauCXrQ7I2ftSqd2mvKHGo85XR0u7Ru3C/Hxsy/0TkfCtjrmAbPdzLGasmoiBxplpDXlPvdjX9u7srIMfgasNA==
    dependencies:
      caniuse-lite "^1.0.30001489"
      electron-to-chromium "^1.4.411"
      node-releases "^2.0.12"
      update-browserslist-db "^1.0.11"
  
  callsites@^3.0.0:
    version "3.1.0"
    resolved "https://registry.npmjs.org/callsites/-/callsites-3.1.0.tgz"
    integrity sha512-P8BjAsXvZS+VIDUI11hHCQEv74YT67YUi5JJFNWIqL235sBmjX4+qx9Muvls5ivyNENctx46xQLQ3aTuE7ssaQ==
  
  caniuse-lite@^1.0.30001489:
    version "1.0.30001491"
    resolved "https://registry.npmjs.org/caniuse-lite/-/caniuse-lite-1.0.30001491.tgz"
    integrity sha512-17EYIi4TLnPiTzVKMveIxU5ETlxbSO3B6iPvMbprqnKh4qJsQGk5Nh1Lp4jIMAE0XfrujsJuWZAM3oJdMHaKBA==
  
  chalk@^2.0.0:
    version "2.4.2"
    resolved "https://registry.npmjs.org/chalk/-/chalk-2.4.2.tgz"
    integrity sha512-Mti+f9lpJNcwF4tWV8/OrTTtF1gZi+f8FqlyAdouralcFWFQWF2+NgCHShjkCb+IFBLq9buZwE1xckQU4peSuQ==
    dependencies:
      ansi-styles "^3.2.1"
      escape-string-regexp "^1.0.5"
      supports-color "^5.3.0"
  
  chalk@^4.1.0:
    version "4.1.2"
    resolved "https://registry.npmjs.org/chalk/-/chalk-4.1.2.tgz"
    integrity sha512-oKnbhFyRIXpUuez8iBMmyEa4nbj4IOQyuhc/wy9kY7/WVPcwIO9VA668Pu8RkO7+0G76SLROeyw9CpQ061i4mA==
    dependencies:
      ansi-styles "^4.1.0"
      supports-color "^7.1.0"
  
  chrome-trace-event@^1.0.2, chrome-trace-event@^1.0.3:
    version "1.0.3"
    resolved "https://registry.npmjs.org/chrome-trace-event/-/chrome-trace-event-1.0.3.tgz"
    integrity sha512-p3KULyQg4S7NIHixdwbGX+nFHkoBiA4YQmyWtjb8XngSKV124nJmRysgAeujbUVb15vh+RvFUfCPqU7rXk+hZg==
  
  cliui@^7.0.2:
    version "7.0.4"
    resolved "https://registry.npmjs.org/cliui/-/cliui-7.0.4.tgz"
    integrity sha512-OcRE68cOsVMXp1Yvonl/fzkQOyjLSu/8bhPDfQt0e0/Eb283TKP20Fs2MqoPsr9SwA595rRCA+QMzYc9nBP+JQ==
    dependencies:
      string-width "^4.2.0"
      strip-ansi "^6.0.0"
      wrap-ansi "^7.0.0"
  
  cliui@^8.0.1:
    version "8.0.1"
    resolved "https://registry.npmjs.org/cliui/-/cliui-8.0.1.tgz"
    integrity sha512-BSeNnyus75C4//NQ9gQt1/csTXyo/8Sb+afLAkzAptFuMsod9HFokGNudZpi/oQV73hnVK+sR+5PVRMd+Dr7YQ==
    dependencies:
      string-width "^4.2.0"
      strip-ansi "^6.0.1"
      wrap-ansi "^7.0.0"
  
  clone@^2.1.1:
    version "2.1.2"
    resolved "https://registry.npmjs.org/clone/-/clone-2.1.2.tgz"
    integrity sha512-3Pe/CF1Nn94hyhIYpjtiLhdCoEoz0DqQ+988E9gmeEdQZlojxnOb74wctFyuwWQHzqyf9X7C7MG8juUpqBJT8w==
  
  color-convert@^1.9.0:
    version "1.9.3"
    resolved "https://registry.npmjs.org/color-convert/-/color-convert-1.9.3.tgz"
    integrity sha512-QfAUtd+vFdAtFQcC8CCyYt1fYWxSqAiK2cSD6zDB8N3cpsEBAvRxp9zOGg6G/SHHJYAT88/az/IuDGALsNVbGg==
    dependencies:
      color-name "1.1.3"
  
  color-convert@^2.0.1:
    version "2.0.1"
    resolved "https://registry.npmjs.org/color-convert/-/color-convert-2.0.1.tgz"
    integrity sha512-RRECPsj7iu/xb5oKYcsFHSppFNnsj/52OVTRKb4zP5onXwVF3zVmmToNcOfGC+CRDpfK/U584fMg38ZHCaElKQ==
    dependencies:
      color-name "~1.1.4"
  
  color-name@1.1.3:
    version "1.1.3"
    resolved "https://registry.npmjs.org/color-name/-/color-name-1.1.3.tgz"
    integrity sha512-72fSenhMw2HZMTVHeCA9KCmpEIbzWiQsjN+BHcBbS9vr1mtt+vJjPdksIBNUmKAW8TFUDPJK5SUU3QhE9NEXDw==
  
  color-name@~1.1.4:
    version "1.1.4"
    resolved "https://registry.npmjs.org/color-name/-/color-name-1.1.4.tgz"
    integrity sha512-dOy+3AuW3a2wNbZHIuMZpTcgjGuLU/uBL/ubcZF9OXbDo8ff4O8yVp5Bf0efS8uEoYo5q4Fx7dY9OgQGXgAsQA==
  
  commander@^7.0.0, commander@^7.2.0:
    version "7.2.0"
    resolved "https://registry.npmjs.org/commander/-/commander-7.2.0.tgz"
    integrity sha512-QrWXB+ZQSVPmIWIhtEO9H+gwHaMGYiF5ChvoJ+K9ZGHG/sVsa6yiesAD1GC/x46sET00Xlwo1u49RVVVzvcSkw==
  
  core-js@3.6.5:
    version "3.6.5"
    resolved "https://registry.npmjs.org/core-js/-/core-js-3.6.5.tgz"
    integrity sha512-vZVEEwZoIsI+vPEuoF9Iqf5H7/M3eeQqWlQnYa8FSKKePuYTf5MWnxb5SDAzCa60b3JBRS5g9b+Dq7b1y/RCrA==
  
  cosmiconfig@^8.0.0:
    version "8.1.3"
    resolved "https://registry.npmjs.org/cosmiconfig/-/cosmiconfig-8.1.3.tgz"
    integrity sha512-/UkO2JKI18b5jVMJUp0lvKFMpa/Gye+ZgZjKD+DGEN9y7NRcf/nK1A0sp67ONmKtnDCNMS44E6jrk0Yc3bDuUw==
    dependencies:
      import-fresh "^3.2.1"
      js-yaml "^4.1.0"
      parse-json "^5.0.0"
      path-type "^4.0.0"
  
  css-select@^4.1.3:
    version "4.3.0"
    resolved "https://registry.npmjs.org/css-select/-/css-select-4.3.0.tgz"
    integrity sha512-wPpOYtnsVontu2mODhA19JrqWxNsfdatRKd64kmpRbQgh1KtItko5sTnEpPdpSaJszTOhEMlF/RPz28qj4HqhQ==
    dependencies:
      boolbase "^1.0.0"
      css-what "^6.0.1"
      domhandler "^4.3.1"
      domutils "^2.8.0"
      nth-check "^2.0.1"
  
  css-tree@^1.1.2, css-tree@^1.1.3:
    version "1.1.3"
    resolved "https://registry.npmjs.org/css-tree/-/css-tree-1.1.3.tgz"
    integrity sha512-tRpdppF7TRazZrjJ6v3stzv93qxRcSsFmW6cX0Zm2NVKpxE1WV1HblnghVv9TreireHkqI/VDEsfolRF1p6y7Q==
    dependencies:
      mdn-data "2.0.14"
      source-map "^0.6.1"
  
  css-what@^6.0.1:
    version "6.1.0"
    resolved "https://registry.npmjs.org/css-what/-/css-what-6.1.0.tgz"
    integrity sha512-HTUrgRJ7r4dsZKU6GjmpfRK1O76h97Z8MfS1G0FozR+oF2kG6Vfe8JE6zwrkbxigziPHinCJ+gCPjA9EaBDtRw==
  
  csso@^4.2.0:
    version "4.2.0"
    resolved "https://registry.npmjs.org/csso/-/csso-4.2.0.tgz"
    integrity sha512-wvlcdIbf6pwKEk7vHj8/Bkc0B4ylXZruLvOgs9doS5eOsOpuodOV2zJChSpkp+pRpYQLQMeF04nr3Z68Sta9jA==
    dependencies:
      css-tree "^1.1.2"
  
  detect-libc@^1.0.3:
    version "1.0.3"
    resolved "https://registry.npmjs.org/detect-libc/-/detect-libc-1.0.3.tgz"
    integrity sha512-pGjwhsmsp4kL2RTz08wcOlGN83otlqHeD/Z5T8GXZB+/YcpQ/dgo+lbU8ZsGxV0HIvqqxo9l7mqYwyYMD9bKDg==
  
  dom-serializer@^1.0.1:
    version "1.4.1"
    resolved "https://registry.npmjs.org/dom-serializer/-/dom-serializer-1.4.1.tgz"
    integrity sha512-VHwB3KfrcOOkelEG2ZOfxqLZdfkil8PtJi4P8N2MMXucZq2yLp75ClViUlOVwyoHEDjYU433Aq+5zWP61+RGag==
    dependencies:
      domelementtype "^2.0.1"
      domhandler "^4.2.0"
      entities "^2.0.0"
  
  dom-storage@2.1.0:
    version "2.1.0"
    resolved "https://registry.npmjs.org/dom-storage/-/dom-storage-2.1.0.tgz"
    integrity sha512-g6RpyWXzl0RR6OTElHKBl7nwnK87GUyZMYC7JWsB/IA73vpqK2K6LT39x4VepLxlSsWBFrPVLnsSR5Jyty0+2Q==
  
  domelementtype@^2.0.1, domelementtype@^2.2.0:
    version "2.3.0"
    resolved "https://registry.npmjs.org/domelementtype/-/domelementtype-2.3.0.tgz"
    integrity sha512-OLETBj6w0OsagBwdXnPdN0cnMfF9opN69co+7ZrbfPGrdpPVNBUj02spi6B1N7wChLQiPn4CSH/zJvXw56gmHw==
  
  domhandler@^4.2.0, domhandler@^4.2.2, domhandler@^4.3.1:
    version "4.3.1"
    resolved "https://registry.npmjs.org/domhandler/-/domhandler-4.3.1.tgz"
    integrity sha512-GrwoxYN+uWlzO8uhUXRl0P+kHE4GtVPfYzVLcUxPL7KNdHKj66vvlhiweIHqYYXWlw+T8iLMp42Lm67ghw4WMQ==
    dependencies:
      domelementtype "^2.2.0"
  
  domutils@^2.8.0:
    version "2.8.0"
    resolved "https://registry.npmjs.org/domutils/-/domutils-2.8.0.tgz"
    integrity sha512-w96Cjofp72M5IIhpjgobBimYEfoPjx1Vx0BSX9P30WBdZW2WIKU0T1Bd0kz2eNZ9ikjKgHbEyKx8BB6H1L3h3A==
    dependencies:
      dom-serializer "^1.0.1"
      domelementtype "^2.2.0"
      domhandler "^4.2.0"
  
  dotenv-expand@^5.1.0:
    version "5.1.0"
    resolved "https://registry.npmjs.org/dotenv-expand/-/dotenv-expand-5.1.0.tgz"
    integrity sha512-YXQl1DSa4/PQyRfgrv6aoNjhasp/p4qs9FjJ4q4cQk+8m4r6k4ZSiEyytKG8f8W9gi8WsQtIObNmKd+tMzNTmA==
  
  dotenv@^7.0.0:
    version "7.0.0"
    resolved "https://registry.npmjs.org/dotenv/-/dotenv-7.0.0.tgz"
    integrity sha512-M3NhsLbV1i6HuGzBUH8vXrtxOk+tWmzWKDMbAVSUp3Zsjm7ywFeuwrUXhmhQyRK1q5B5GGy7hcXPbj3bnfZg2g==
  
  electron-to-chromium@^1.4.411:
    version "1.4.414"
    resolved "https://registry.npmjs.org/electron-to-chromium/-/electron-to-chromium-1.4.414.tgz"
    integrity sha512-RRuCvP6ekngVh2SAJaOKT/hxqc9JAsK+Pe0hP5tGQIfonU2Zy9gMGdJ+mBdyl/vNucMG6gkXYtuM4H/1giws5w==
  
  emoji-regex@^8.0.0:
    version "8.0.0"
    resolved "https://registry.npmjs.org/emoji-regex/-/emoji-regex-8.0.0.tgz"
    integrity sha512-MSjYzcWNOA0ewAHpz0MxpYFvwg6yjy1NG3xteoqz644VCo/RPgnr1/GGt+ic3iJTzQ8Eu3TdM14SawnVUmGE6A==
  
  entities@^2.0.0:
    version "2.2.0"
    resolved "https://registry.npmjs.org/entities/-/entities-2.2.0.tgz"
    integrity sha512-p92if5Nz619I0w+akJrLZH0MX0Pb5DX39XOwQTtXSdQQOaYH03S1uIQp4mhOZtAXrxq4ViO67YTiLBo2638o9A==
  
  entities@^3.0.1:
    version "3.0.1"
    resolved "https://registry.npmjs.org/entities/-/entities-3.0.1.tgz"
    integrity sha512-WiyBqoomrwMdFG1e0kqvASYfnlb0lp8M5o5Fw2OFq1hNZxxcNk8Ik0Xm7LxzBhuidnZB/UtBqVCgUz3kBOP51Q==
  
  error-ex@^1.3.1:
    version "1.3.2"
    resolved "https://registry.npmjs.org/error-ex/-/error-ex-1.3.2.tgz"
    integrity sha512-7dFHNmqeFSEt2ZBsCriorKnn3Z2pj+fd9kmI6QoWw4//DL+icEBfc0U7qJCisqrTsKTjw4fNFy2pW9OqStD84g==
    dependencies:
      is-arrayish "^0.2.1"
  
  escalade@^3.1.1:
    version "3.1.1"
    resolved "https://registry.npmjs.org/escalade/-/escalade-3.1.1.tgz"
    integrity sha512-k0er2gUkLf8O0zKJiAhmkTnJlTvINGv7ygDNPbeIsX/TJjGJZHuh9B2UxbsaEkmlEo9MfhrSzmhIlhRlI2GXnw==
  
  escape-string-regexp@^1.0.5:
    version "1.0.5"
    resolved "https://registry.npmjs.org/escape-string-regexp/-/escape-string-regexp-1.0.5.tgz"
    integrity sha512-vbRorB5FUQWvla16U8R/qgaFIya2qGzwDrNmCZuYKrbdSUMG6I1ZCGQRefkRVhuOkIGVne7BQ35DSfo1qvJqFg==
  
  faye-websocket@0.11.3:
    version "0.11.3"
    resolved "https://registry.npmjs.org/faye-websocket/-/faye-websocket-0.11.3.tgz"
    integrity sha512-D2y4bovYpzziGgbHYtGCMjlJM36vAl/y+xUyn1C+FVx8szd1E+86KwVw6XvYSzOP8iMpm1X0I4xJD+QtUb36OA==
    dependencies:
      websocket-driver ">=0.5.1"
  
  fill-range@^7.0.1:
    version "7.0.1"
    resolved "https://registry.npmjs.org/fill-range/-/fill-range-7.0.1.tgz"
    integrity sha512-qOo9F+dMUmC2Lcb4BbVvnKJxTPjCm+RRpe4gDuGrzkL7mEVl/djYSu2OdQ2Pa302N4oqkSg9ir6jaLWJ2USVpQ==
    dependencies:
      to-regex-range "^5.0.1"
  
  firebase@8.7.1:
    version "8.7.1"
    resolved "https://registry.npmjs.org/firebase/-/firebase-8.7.1.tgz"
    integrity sha512-OM+pUxIAqd5+XQMGux8InhhWmHDqlzQij67ljomMNblrxGiFOh8bMe+DGU9r8dh7CDaBYNtT6L0KR859BqhkDQ==
    dependencies:
      "@firebase/analytics" "0.6.14"
      "@firebase/app" "0.6.28"
      "@firebase/app-check" "0.2.0"
      "@firebase/app-types" "0.6.2"
      "@firebase/auth" "0.16.8"
      "@firebase/database" "0.10.7"
      "@firebase/firestore" "2.3.8"
      "@firebase/functions" "0.6.13"
      "@firebase/installations" "0.4.30"
      "@firebase/messaging" "0.7.14"
      "@firebase/performance" "0.4.16"
      "@firebase/polyfill" "0.3.36"
      "@firebase/remote-config" "0.1.41"
      "@firebase/storage" "0.5.6"
      "@firebase/util" "1.1.0"
  
  get-caller-file@^2.0.5:
    version "2.0.5"
    resolved "https://registry.npmjs.org/get-caller-file/-/get-caller-file-2.0.5.tgz"
    integrity sha512-DyFP3BM/3YHTQOCUL/w0OZHR0lpKeGrxotcHWcqNEdnltqFwXVfhEBQ94eIo34AfQpo0rGki4cyIiftY06h2Fg==
  
  get-port@^4.2.0:
    version "4.2.0"
    resolved "https://registry.npmjs.org/get-port/-/get-port-4.2.0.tgz"
    integrity sha512-/b3jarXkH8KJoOMQc3uVGHASwGLPq3gSFJ7tgJm2diza+bydJPTGOibin2steecKeOylE8oY2JERlVWkAJO6yw==
  
  globals@^13.2.0:
    version "13.20.0"
    resolved "https://registry.npmjs.org/globals/-/globals-13.20.0.tgz"
    integrity sha512-Qg5QtVkCy/kv3FUSlu4ukeZDVf9ee0iXLAUYX13gbR17bnejFTzr4iS9bY7kwCf1NztRNm1t91fjOiyx4CSwPQ==
    dependencies:
      type-fest "^0.20.2"
  
  has-flag@^3.0.0:
    version "3.0.0"
    resolved "https://registry.npmjs.org/has-flag/-/has-flag-3.0.0.tgz"
    integrity sha512-sKJf1+ceQBr4SMkvQnBDNDtf4TXpVhVGateu0t918bl30FnbE2m4vNLX+VWe/dpjlb+HugGYzW7uQXH98HPEYw==
  
  has-flag@^4.0.0:
    version "4.0.0"
    resolved "https://registry.npmjs.org/has-flag/-/has-flag-4.0.0.tgz"
    integrity sha512-EykJT/Q1KjTWctppgIAgfSO0tKVuZUjhgMr17kqTumMl6Afv3EISleU7qZUzoXDFTAHTDC4NOoG/ZxU3EvlMPQ==
  
  htmlnano@^2.0.0:
    version "2.0.4"
    resolved "https://registry.npmjs.org/htmlnano/-/htmlnano-2.0.4.tgz"
    integrity sha512-WGCkyGFwjKW1GeCBsPYacMvaMnZtFJ0zIRnC2NCddkA+IOEhTqskXrS7lep+3yYZw/nQ3dW1UAX4yA/GJyR8BA==
    dependencies:
      cosmiconfig "^8.0.0"
      posthtml "^0.16.5"
      timsort "^0.3.0"
  
  htmlparser2@^7.1.1:
    version "7.2.0"
    resolved "https://registry.npmjs.org/htmlparser2/-/htmlparser2-7.2.0.tgz"
    integrity sha512-H7MImA4MS6cw7nbyURtLPO1Tms7C5H602LRETv95z1MxO/7CP7rDVROehUYeYBUYEON94NXXDEPmZuq+hX4sog==
    dependencies:
      domelementtype "^2.0.1"
      domhandler "^4.2.2"
      domutils "^2.8.0"
      entities "^3.0.1"
  
  http-parser-js@>=0.5.1:
    version "0.5.8"
    resolved "https://registry.npmjs.org/http-parser-js/-/http-parser-js-0.5.8.tgz"
    integrity sha512-SGeBX54F94Wgu5RH3X5jsDtf4eHyRogWX1XGT3b4HuW3tQPM4AaBzoUji/4AAJNXCEOWZ5O0DgZmJw1947gD5Q==
  
  idb@3.0.2:
    version "3.0.2"
    resolved "https://registry.npmjs.org/idb/-/idb-3.0.2.tgz"
    integrity sha512-+FLa/0sTXqyux0o6C+i2lOR0VoS60LU/jzUo5xjfY6+7sEEgy4Gz1O7yFBXvjd7N0NyIGWIRg8DcQSLEG+VSPw==
  
  import-fresh@^3.2.1:
    version "3.3.0"
    resolved "https://registry.npmjs.org/import-fresh/-/import-fresh-3.3.0.tgz"
    integrity sha512-veYYhQa+D1QBKznvhUHxb8faxlrwUnxseDAbAp457E0wLNio2bOSKnjYDhMj+YiAq61xrMGhQk9iXVk5FzgQMw==
    dependencies:
      parent-module "^1.0.0"
      resolve-from "^4.0.0"
  
  is-arrayish@^0.2.1:
    version "0.2.1"
    resolved "https://registry.npmjs.org/is-arrayish/-/is-arrayish-0.2.1.tgz"
    integrity sha512-zz06S8t0ozoDXMG+ube26zeCTNXcKIPJZJi8hBrF4idCLms4CG9QtK7qBl1boi5ODzFpjswb5JPmHCbMpjaYzg==
  
  is-extglob@^2.1.1:
    version "2.1.1"
    resolved "https://registry.npmjs.org/is-extglob/-/is-extglob-2.1.1.tgz"
    integrity sha512-SbKbANkN603Vi4jEZv49LeVJMn4yGwsbzZworEoyEiutsN3nJYdbO36zfhGJ6QEDpOZIFkDtnq5JRxmvl3jsoQ==
  
  is-fullwidth-code-point@^3.0.0:
    version "3.0.0"
    resolved "https://registry.npmjs.org/is-fullwidth-code-point/-/is-fullwidth-code-point-3.0.0.tgz"
    integrity sha512-zymm5+u+sCsSWyD9qNaejV3DFvhCKclKdizYaJUuHA83RLjb7nSuGnddCHGv0hk+KY7BMAlsWeK4Ueg6EV6XQg==
  
  is-glob@^4.0.3:
    version "4.0.3"
    resolved "https://registry.npmjs.org/is-glob/-/is-glob-4.0.3.tgz"
    integrity sha512-xelSayHH36ZgE7ZWhli7pW34hNbNl8Ojv5KVmkJD4hBdD3th8Tfk9vYasLM+mXWOZhFkgZfxhLSnrwRr4elSSg==
    dependencies:
      is-extglob "^2.1.1"
  
  is-json@^2.0.1:
    version "2.0.1"
    resolved "https://registry.npmjs.org/is-json/-/is-json-2.0.1.tgz"
    integrity sha512-6BEnpVn1rcf3ngfmViLM6vjUjGErbdrL4rwlv+u1NO1XO8kqT4YGL8+19Q+Z/bas8tY90BTWMk2+fW1g6hQjbA==
  
  is-number@^7.0.0:
    version "7.0.0"
    resolved "https://registry.npmjs.org/is-number/-/is-number-7.0.0.tgz"
    integrity sha512-41Cifkg6e8TylSpdtTpeLVMqvSBEVzTttHvERD741+pnZ8ANv0004MRL43QKPDlK9cGvNp6NZWZUBlbGXYxxng==
  
  js-tokens@^4.0.0:
    version "4.0.0"
    resolved "https://registry.npmjs.org/js-tokens/-/js-tokens-4.0.0.tgz"
    integrity sha512-RdJUflcE3cUzKiMqQgsCu06FPu9UdIJO0beYbPhHN4k6apgJtifcoCtT9bcxOpYBtpD2kCM6Sbzg4CausW/PKQ==
  
  js-yaml@^4.1.0:
    version "4.1.0"
    resolved "https://registry.npmjs.org/js-yaml/-/js-yaml-4.1.0.tgz"
    integrity sha512-wpxZs9NoxZaJESJGIZTyDEaYpl0FKSA+FB9aJiyemKhMwkxQg63h4T1KJgUGHpTqPDNRcmmYLugrRjJlBtWvRA==
    dependencies:
      argparse "^2.0.1"
  
  json-parse-even-better-errors@^2.3.0:
    version "2.3.1"
    resolved "https://registry.npmjs.org/json-parse-even-better-errors/-/json-parse-even-better-errors-2.3.1.tgz"
    integrity sha512-xyFwyhro/JEof6Ghe2iz2NcXoj2sloNsWr/XsERDK/oiPCfaNhl5ONfp+jQdAZRQQ0IJWNzH9zIZF7li91kh2w==
  
  json5@^2.2.0, json5@^2.2.1:
    version "2.2.3"
    resolved "https://registry.npmjs.org/json5/-/json5-2.2.3.tgz"
    integrity sha512-XmOWe7eyHYH14cLdVPoyg+GOH3rYX++KpzrylJwSW98t3Nk+U8XOl8FWKOgwtzdb8lXGf6zYwDUzeHMWfxasyg==
  
  lightningcss-darwin-arm64@1.20.0:
    version "1.20.0"
    resolved "https://registry.yarnpkg.com/lightningcss-darwin-arm64/-/lightningcss-darwin-arm64-1.20.0.tgz#0416a0cb840944ea4aee972df02491c0168a784c"
    integrity sha512-aYEohJTlzwB8URJaNiS57tMbjyLub0mYvxlxKQk8SZv+irXx6MoBWpDNQKKTS9gg1pGf/eAwjpa3BLAoCBsh1A==
  
  lightningcss-darwin-x64@1.20.0:
    version "1.20.0"
    resolved "https://registry.yarnpkg.com/lightningcss-darwin-x64/-/lightningcss-darwin-x64-1.20.0.tgz#4caa2b38fe223eabb32ebc3e1268a6b09e6b8d06"
    integrity sha512-cmMgY8FFWVaGgtift7eKKkHMqlz9O09/yTdlCXEDOeDP9yeo6vHOBTRP7ojb368kjw8Ew3l0L2uT1Gtx56eNkg==
  
  lightningcss-linux-arm-gnueabihf@1.20.0:
    version "1.20.0"
    resolved "https://registry.yarnpkg.com/lightningcss-linux-arm-gnueabihf/-/lightningcss-linux-arm-gnueabihf-1.20.0.tgz#3e999a07aa77c10a06c9dda9b507c7a737f8521f"
    integrity sha512-/m+NDO1O6JCv7R9F0XWlXcintQHx4MPNU+kt8jZJO07LLdGwCfvjN31GVcwVPlStnnx/cU8uTTmax6g/Qu/whg==
  
  lightningcss-linux-arm64-gnu@1.20.0:
    version "1.20.0"
    resolved "https://registry.yarnpkg.com/lightningcss-linux-arm64-gnu/-/lightningcss-linux-arm64-gnu-1.20.0.tgz#8b7786936ea462f744a85038fb033cc56049b677"
    integrity sha512-gtXoa6v0HvMRLbev6Hsef0+Q5He7NslB+Rs7G49Y5LUSdJeGIATEN+j8JzHC0DnxCsOGbEgGRmvtJzzYDkkluw==
  
  lightningcss-linux-arm64-musl@1.20.0:
    version "1.20.0"
    resolved "https://registry.yarnpkg.com/lightningcss-linux-arm64-musl/-/lightningcss-linux-arm64-musl-1.20.0.tgz#8d812309c4e70398cee79fcdc452548ca521a6eb"
    integrity sha512-Po7XpucM1kZnkiyd2BNwTExSDcZ8jm8uB9u+Sq44qjpkf5f75jreQwn3DQm9I1t5C6tB9HGt30HExMju9umJBQ==
  
  lightningcss-linux-x64-gnu@1.20.0:
    version "1.20.0"
    resolved "https://registry.yarnpkg.com/lightningcss-linux-x64-gnu/-/lightningcss-linux-x64-gnu-1.20.0.tgz#7652fbb26e50a5fa21b763aaebdb4bc657540c7e"
    integrity sha512-8yR/fGNn/P0I+Lc3PK+VWPET/zdSpBfHFIG0DJ38TywMbItVKvnFvoTBwnIm4LqBz7g2G2dDexnNP95za2Ll8g==
  
  lightningcss-linux-x64-musl@1.20.0:
    version "1.20.0"
    resolved "https://registry.yarnpkg.com/lightningcss-linux-x64-musl/-/lightningcss-linux-x64-musl-1.20.0.tgz#aa21957fc51c363b4436e973911d01af4bed3c35"
    integrity sha512-EmpJ+VkPZ8RACiB4m+l8TmapmE1W2UvJKDHE+ML/3Ihr9tRKUs3CibfnQTFZC8aSsrxgXagDAN+PgCDDhIyriA==
  
  lightningcss-win32-x64-msvc@1.20.0:
    version "1.20.0"
    resolved "https://registry.npmjs.org/lightningcss-win32-x64-msvc/-/lightningcss-win32-x64-msvc-1.20.0.tgz"
    integrity sha512-BRdPvbq7Cc1qxAzp2emqWJHrqsEkf4ggxS29VOnxT7jhkdHKU+a26OVMjvm/OL0NH0ToNOZNAPvHMSexiEgBeA==
  
  lightningcss@^1.16.1:
    version "1.20.0"
    resolved "https://registry.npmjs.org/lightningcss/-/lightningcss-1.20.0.tgz"
    integrity sha512-4bj8aP+Vi+or8Gwq/hknmicr4PmA8D9uL/3qY0N0daX5vYBMYERGI6Y93nzoeRgQMULq+gtrN/FvJYtH0xNN8g==
    dependencies:
      detect-libc "^1.0.3"
    optionalDependencies:
      lightningcss-darwin-arm64 "1.20.0"
      lightningcss-darwin-x64 "1.20.0"
      lightningcss-linux-arm-gnueabihf "1.20.0"
      lightningcss-linux-arm64-gnu "1.20.0"
      lightningcss-linux-arm64-musl "1.20.0"
      lightningcss-linux-x64-gnu "1.20.0"
      lightningcss-linux-x64-musl "1.20.0"
      lightningcss-win32-x64-msvc "1.20.0"
  
  lines-and-columns@^1.1.6:
    version "1.2.4"
    resolved "https://registry.npmjs.org/lines-and-columns/-/lines-and-columns-1.2.4.tgz"
    integrity sha512-7ylylesZQ/PV29jhEDl3Ufjo6ZX7gCqJr5F7PKrqc93v7fzSymt1BpwEU8nAUXs8qzzvqhbjhK5QZg6Mt/HkBg==
  
  lmdb@2.7.11:
    version "2.7.11"
    resolved "https://registry.npmjs.org/lmdb/-/lmdb-2.7.11.tgz"
    integrity sha512-x9bD4hVp7PFLUoELL8RglbNXhAMt5CYhkmss+CEau9KlNoilsTzNi9QDsPZb3KMpOGZXG6jmXhW3bBxE2XVztw==
    dependencies:
      msgpackr "1.8.5"
      node-addon-api "^4.3.0"
      node-gyp-build-optional-packages "5.0.6"
      ordered-binary "^1.4.0"
      weak-lru-cache "^1.2.2"
    optionalDependencies:
      "@lmdb/lmdb-darwin-arm64" "2.7.11"
      "@lmdb/lmdb-darwin-x64" "2.7.11"
      "@lmdb/lmdb-linux-arm" "2.7.11"
      "@lmdb/lmdb-linux-arm64" "2.7.11"
      "@lmdb/lmdb-linux-x64" "2.7.11"
      "@lmdb/lmdb-win32-x64" "2.7.11"
  
  lodash.camelcase@^4.3.0:
    version "4.3.0"
    resolved "https://registry.npmjs.org/lodash.camelcase/-/lodash.camelcase-4.3.0.tgz"
    integrity sha512-TwuEnCnxbc3rAvhf/LbG7tJUDzhqXyFnv3dtzLOPgCG/hODL7WFnsbwktkD7yUV0RrreP/l1PALq/YSg6VvjlA==
  
  lodash@^4.17.21:
    version "4.17.21"
    resolved "https://registry.npmjs.org/lodash/-/lodash-4.17.21.tgz"
    integrity sha512-v2kDEe57lecTulaDIuNTPy3Ry4gLGJ6Z1O3vE1krgXZNrsQ+LFTGHVxVjcXPs17LhbZVGedAJv8XZ1tvj5FvSg==
  
  long@^4.0.0:
    version "4.0.0"
    resolved "https://registry.npmjs.org/long/-/long-4.0.0.tgz"
    integrity sha512-XsP+KhQif4bjX1kbuSiySJFNAehNxgLb6hPRGJ9QsUr8ajHkuXGdrHmFUTUUXhDwVX2R5bY4JNZEwbUiMhV+MA==
  
  long@^5.0.0:
    version "5.2.3"
    resolved "https://registry.npmjs.org/long/-/long-5.2.3.tgz"
    integrity sha512-lcHwpNoggQTObv5apGNCTdJrO69eHOZMi4BNC+rTLER8iHAqGrUVeLh/irVIM7zTw2bOXA8T6uNPeujwOLg/2Q==
  
  mdn-data@2.0.14:
    version "2.0.14"
    resolved "https://registry.npmjs.org/mdn-data/-/mdn-data-2.0.14.tgz"
    integrity sha512-dn6wd0uw5GsdswPFfsgMp5NSB0/aDe6fK94YJV/AJDYXL6HVLWBsxeq7js7Ad+mU2K9LAlwpk6kN2D5mwCPVow==
  
  micromatch@^4.0.5:
    version "4.0.5"
    resolved "https://registry.npmjs.org/micromatch/-/micromatch-4.0.5.tgz"
    integrity sha512-DMy+ERcEW2q8Z2Po+WNXuw3c5YaUSFjAO5GsJqfEl7UjvtIuFKO6ZrKvcItdy98dwFI2N1tg3zNIdKaQT+aNdA==
    dependencies:
      braces "^3.0.2"
      picomatch "^2.3.1"
  
  msgpackr-extract@^3.0.1, msgpackr-extract@^3.0.2:
    version "3.0.2"
    resolved "https://registry.npmjs.org/msgpackr-extract/-/msgpackr-extract-3.0.2.tgz"
    integrity sha512-SdzXp4kD/Qf8agZ9+iTu6eql0m3kWm1A2y1hkpTeVNENutaB0BwHlSvAIaMxwntmRUAUjon2V4L8Z/njd0Ct8A==
    dependencies:
      node-gyp-build-optional-packages "5.0.7"
    optionalDependencies:
      "@msgpackr-extract/msgpackr-extract-darwin-arm64" "3.0.2"
      "@msgpackr-extract/msgpackr-extract-darwin-x64" "3.0.2"
      "@msgpackr-extract/msgpackr-extract-linux-arm" "3.0.2"
      "@msgpackr-extract/msgpackr-extract-linux-arm64" "3.0.2"
      "@msgpackr-extract/msgpackr-extract-linux-x64" "3.0.2"
      "@msgpackr-extract/msgpackr-extract-win32-x64" "3.0.2"
  
  msgpackr@1.8.5:
    version "1.8.5"
    resolved "https://registry.npmjs.org/msgpackr/-/msgpackr-1.8.5.tgz"
    integrity sha512-mpPs3qqTug6ahbblkThoUY2DQdNXcm4IapwOS3Vm/87vmpzLVelvp9h3It1y9l1VPpiFLV11vfOXnmeEwiIXwg==
    optionalDependencies:
      msgpackr-extract "^3.0.1"
  
  msgpackr@^1.5.4:
    version "1.9.2"
    resolved "https://registry.npmjs.org/msgpackr/-/msgpackr-1.9.2.tgz"
    integrity sha512-xtDgI3Xv0AAiZWLRGDchyzBwU6aq0rwJ+W+5Y4CZhEWtkl/hJtFFLc+3JtGTw7nz1yquxs7nL8q/yA2aqpflIQ==
    optionalDependencies:
      msgpackr-extract "^3.0.2"
  
  node-addon-api@^3.2.1:
    version "3.2.1"
    resolved "https://registry.npmjs.org/node-addon-api/-/node-addon-api-3.2.1.tgz"
    integrity sha512-mmcei9JghVNDYydghQmeDX8KoAm0FAiYyIcUt/N4nhyAipB17pllZQDOJD2fotxABnt4Mdz+dKTO7eftLg4d0A==
  
  node-addon-api@^4.3.0:
    version "4.3.0"
    resolved "https://registry.npmjs.org/node-addon-api/-/node-addon-api-4.3.0.tgz"
    integrity sha512-73sE9+3UaLYYFmDsFZnqCInzPyh3MqIwZO9cw58yIqAZhONrrabrYyYe3TuIqtIiOuTXVhsGau8hcrhhwSsDIQ==
  
  node-fetch@2.6.1:
    version "2.6.1"
    resolved "https://registry.npmjs.org/node-fetch/-/node-fetch-2.6.1.tgz"
    integrity sha512-V4aYg89jEoVRxRb2fJdAg8FHvI7cEyYdVAh94HH0UIK8oJxUfkjlDQN9RbMx+bEjP7+ggMiFRprSti032Oipxw==
  
  node-gyp-build-optional-packages@5.0.6:
    version "5.0.6"
    resolved "https://registry.npmjs.org/node-gyp-build-optional-packages/-/node-gyp-build-optional-packages-5.0.6.tgz"
    integrity sha512-2ZJErHG4du9G3/8IWl/l9Bp5BBFy63rno5GVmjQijvTuUZKsl6g8RB4KH/x3NLcV5ZBb4GsXmAuTYr6dRml3Gw==
  
  node-gyp-build-optional-packages@5.0.7:
    version "5.0.7"
    resolved "https://registry.npmjs.org/node-gyp-build-optional-packages/-/node-gyp-build-optional-packages-5.0.7.tgz"
    integrity sha512-YlCCc6Wffkx0kHkmam79GKvDQ6x+QZkMjFGrIMxgFNILFvGSbCp2fCBC55pGTT9gVaz8Na5CLmxt/urtzRv36w==
  
  node-gyp-build@^4.3.0:
    version "4.6.0"
    resolved "https://registry.npmjs.org/node-gyp-build/-/node-gyp-build-4.6.0.tgz"
    integrity sha512-NTZVKn9IylLwUzaKjkas1e4u2DLNcV4rdYagA4PWdPwW87Bi7z+BznyKSRwS/761tV/lzCGXplWsiaMjLqP2zQ==
  
  node-releases@^2.0.12:
    version "2.0.12"
    resolved "https://registry.npmjs.org/node-releases/-/node-releases-2.0.12.tgz"
    integrity sha512-QzsYKWhXTWx8h1kIvqfnC++o0pEmpRQA/aenALsL2F4pqNVr7YzcdMlDij5WBnwftRbJCNJL/O7zdKaxKPHqgQ==
  
  nth-check@^2.0.1:
    version "2.1.1"
    resolved "https://registry.npmjs.org/nth-check/-/nth-check-2.1.1.tgz"
    integrity sha512-lqjrjmaOoAnWfMmBPL+XNnynZh2+swxiX3WUE0s4yEHI6m+AwrK2UZOimIRl3X/4QctVqS8AiZjFqyOGrMXb/w==
    dependencies:
      boolbase "^1.0.0"
  
  nullthrows@^1.1.1:
    version "1.1.1"
    resolved "https://registry.npmjs.org/nullthrows/-/nullthrows-1.1.1.tgz"
    integrity sha512-2vPPEi+Z7WqML2jZYddDIfy5Dqb0r2fze2zTxNNknZaFpVHU3mFB3R+DWeJWGVx0ecvttSGlJTI+WG+8Z4cDWw==
  
  ordered-binary@^1.4.0:
    version "1.4.0"
    resolved "https://registry.npmjs.org/ordered-binary/-/ordered-binary-1.4.0.tgz"
    integrity sha512-EHQ/jk4/a9hLupIKxTfUsQRej1Yd/0QLQs3vGvIqg5ZtCYSzNhkzHoZc7Zf4e4kUlDaC3Uw8Q/1opOLNN2OKRQ==
  
  parcel@^2.9.1:
    version "2.9.1"
    resolved "https://registry.npmjs.org/parcel/-/parcel-2.9.1.tgz"
    integrity sha512-LBD+jeCpvnDJ8MeE0ciEns4EZw+WH01qLEKT2O1tW2uHM1njhcWvuc9bx19f8iyE2+8Xwwr2GsGTQgPXKiA/yQ==
    dependencies:
      "@parcel/config-default" "2.9.1"
      "@parcel/core" "2.9.1"
      "@parcel/diagnostic" "2.9.1"
      "@parcel/events" "2.9.1"
      "@parcel/fs" "2.9.1"
      "@parcel/logger" "2.9.1"
      "@parcel/package-manager" "2.9.1"
      "@parcel/reporter-cli" "2.9.1"
      "@parcel/reporter-dev-server" "2.9.1"
      "@parcel/reporter-tracer" "2.9.1"
      "@parcel/utils" "2.9.1"
      chalk "^4.1.0"
      commander "^7.0.0"
      get-port "^4.2.0"
  
  parent-module@^1.0.0:
    version "1.0.1"
    resolved "https://registry.npmjs.org/parent-module/-/parent-module-1.0.1.tgz"
    integrity sha512-GQ2EWRpQV8/o+Aw8YqtfZZPfNRWZYkbidE9k5rpl/hC3vtHHBfGm2Ifi6qWV+coDGkrUKZAxE3Lot5kcsRlh+g==
    dependencies:
      callsites "^3.0.0"
  
  parse-json@^5.0.0:
    version "5.2.0"
    resolved "https://registry.npmjs.org/parse-json/-/parse-json-5.2.0.tgz"
    integrity sha512-ayCKvm/phCGxOkYRSCM82iDwct8/EonSEgCSxWxD7ve6jHggsFl4fZVQBPRNgQoKiuV/odhFrGzQXZwbifC8Rg==
    dependencies:
      "@babel/code-frame" "^7.0.0"
      error-ex "^1.3.1"
      json-parse-even-better-errors "^2.3.0"
      lines-and-columns "^1.1.6"
  
  path-to-regexp@2.4.0:
    version "2.4.0"
    resolved "https://registry.npmjs.org/path-to-regexp/-/path-to-regexp-2.4.0.tgz"
    integrity sha512-G6zHoVqC6GGTQkZwF4lkuEyMbVOjoBKAEybQUypI1WTkqinCOrq2x6U2+phkJ1XsEMTy4LjtwPI7HW+NVrRR2w==
  
  path-type@^4.0.0:
    version "4.0.0"
    resolved "https://registry.npmjs.org/path-type/-/path-type-4.0.0.tgz"
    integrity sha512-gDKb8aZMDeD/tZWs9P6+q0J9Mwkdl6xMV8TjnGP3qJVJ06bdMgkbBlLU8IdfOsIsFz2BW1rNVT3XuNEl8zPAvw==
  
  picocolors@^1.0.0:
    version "1.0.0"
    resolved "https://registry.npmjs.org/picocolors/-/picocolors-1.0.0.tgz"
    integrity sha512-1fygroTLlHu66zi26VoTDv8yRgm0Fccecssto+MhsZ0D/DGW2sm8E8AjW7NU5VVTRt5GxbeZ5qBuJr+HyLYkjQ==
  
  picomatch@^2.3.1:
    version "2.3.1"
    resolved "https://registry.npmjs.org/picomatch/-/picomatch-2.3.1.tgz"
    integrity sha512-JU3teHTNjmE2VCGFzuY8EXzCDVwEqB2a8fsIvwaStHhAWJEeVd1o1QD80CU6+ZdEXXSLbSsuLwJjkCBWqRQUVA==
  
  postcss-value-parser@^4.2.0:
    version "4.2.0"
    resolved "https://registry.npmjs.org/postcss-value-parser/-/postcss-value-parser-4.2.0.tgz"
    integrity sha512-1NNCs6uurfkVbeXG4S8JFT9t19m45ICnif8zWLd5oPSZ50QnwMfK+H3jv408d4jw/7Bttv5axS5IiHoLaVNHeQ==
  
  posthtml-parser@^0.10.1:
    version "0.10.2"
    resolved "https://registry.npmjs.org/posthtml-parser/-/posthtml-parser-0.10.2.tgz"
    integrity sha512-PId6zZ/2lyJi9LiKfe+i2xv57oEjJgWbsHGGANwos5AvdQp98i6AtamAl8gzSVFGfQ43Glb5D614cvZf012VKg==
    dependencies:
      htmlparser2 "^7.1.1"
  
  posthtml-parser@^0.11.0:
    version "0.11.0"
    resolved "https://registry.npmjs.org/posthtml-parser/-/posthtml-parser-0.11.0.tgz"
    integrity sha512-QecJtfLekJbWVo/dMAA+OSwY79wpRmbqS5TeXvXSX+f0c6pW4/SE6inzZ2qkU7oAMCPqIDkZDvd/bQsSFUnKyw==
    dependencies:
      htmlparser2 "^7.1.1"
  
  posthtml-render@^3.0.0:
    version "3.0.0"
    resolved "https://registry.npmjs.org/posthtml-render/-/posthtml-render-3.0.0.tgz"
    integrity sha512-z+16RoxK3fUPgwaIgH9NGnK1HKY9XIDpydky5eQGgAFVXTCSezalv9U2jQuNV+Z9qV1fDWNzldcw4eK0SSbqKA==
    dependencies:
      is-json "^2.0.1"
  
  posthtml@^0.16.4, posthtml@^0.16.5:
    version "0.16.6"
    resolved "https://registry.npmjs.org/posthtml/-/posthtml-0.16.6.tgz"
    integrity sha512-JcEmHlyLK/o0uGAlj65vgg+7LIms0xKXe60lcDOTU7oVX/3LuEuLwrQpW3VJ7de5TaFKiW4kWkaIpJL42FEgxQ==
    dependencies:
      posthtml-parser "^0.11.0"
      posthtml-render "^3.0.0"
  
  process@^0.11.10:
    version "0.11.10"
    resolved "https://registry.npmjs.org/process/-/process-0.11.10.tgz"
    integrity sha512-cdGef/drWFoydD1JsMzuFf8100nZl+GT+yacc2bEced5f9Rjk4z+WtFUTBu9PhOi9j/jfmBPu0mMEY4wIdAF8A==
  
  promise-polyfill@8.1.3:
    version "8.1.3"
    resolved "https://registry.npmjs.org/promise-polyfill/-/promise-polyfill-8.1.3.tgz"
    integrity sha512-MG5r82wBzh7pSKDRa9y+vllNHz3e3d4CNj1PQE4BQYxLme0gKYYBm9YENq+UkEikyZ0XbiGWxYlVw3Rl9O/U8g==
  
  protobufjs@^6.11.3:
    version "6.11.3"
    resolved "https://registry.npmjs.org/protobufjs/-/protobufjs-6.11.3.tgz"
    integrity sha512-xL96WDdCZYdU7Slin569tFX712BxsxslWwAfAhCYjQKGTq7dAU91Lomy6nLLhh/dyGhk/YH4TwTSRxTzhuHyZg==
    dependencies:
      "@protobufjs/aspromise" "^1.1.2"
      "@protobufjs/base64" "^1.1.2"
      "@protobufjs/codegen" "^2.0.4"
      "@protobufjs/eventemitter" "^1.1.0"
      "@protobufjs/fetch" "^1.1.0"
      "@protobufjs/float" "^1.0.2"
      "@protobufjs/inquire" "^1.1.0"
      "@protobufjs/path" "^1.1.2"
      "@protobufjs/pool" "^1.1.0"
      "@protobufjs/utf8" "^1.1.0"
      "@types/long" "^4.0.1"
      "@types/node" ">=13.7.0"
      long "^4.0.0"
  
  protobufjs@^7.0.0:
    version "7.2.3"
    resolved "https://registry.npmjs.org/protobufjs/-/protobufjs-7.2.3.tgz"
    integrity sha512-TtpvOqwB5Gdz/PQmOjgsrGH1nHjAQVCN7JG4A6r1sXRWESL5rNMAiRcBQlCAdKxZcAbstExQePYG8xof/JVRgg==
    dependencies:
      "@protobufjs/aspromise" "^1.1.2"
      "@protobufjs/base64" "^1.1.2"
      "@protobufjs/codegen" "^2.0.4"
      "@protobufjs/eventemitter" "^1.1.0"
      "@protobufjs/fetch" "^1.1.0"
      "@protobufjs/float" "^1.0.2"
      "@protobufjs/inquire" "^1.1.0"
      "@protobufjs/path" "^1.1.2"
      "@protobufjs/pool" "^1.1.0"
      "@protobufjs/utf8" "^1.1.0"
      "@types/node" ">=13.7.0"
      long "^5.0.0"
  
  react-error-overlay@6.0.9:
    version "6.0.9"
    resolved "https://registry.npmjs.org/react-error-overlay/-/react-error-overlay-6.0.9.tgz"
    integrity sha512-nQTTcUu+ATDbrSD1BZHr5kgSD4oF8OFjxun8uAaL8RwPBacGBNPf/yAuVVdx17N8XNzRDMrZ9XcKZHCjPW+9ew==
  
  react-refresh@^0.9.0:
    version "0.9.0"
    resolved "https://registry.npmjs.org/react-refresh/-/react-refresh-0.9.0.tgz"
    integrity sha512-Gvzk7OZpiqKSkxsQvO/mbTN1poglhmAV7gR/DdIrRrSMXraRQQlfikRJOr3Nb9GTMPC5kof948Zy6jJZIFtDvQ==
  
  regenerator-runtime@^0.13.7:
    version "0.13.11"
    resolved "https://registry.npmjs.org/regenerator-runtime/-/regenerator-runtime-0.13.11.tgz"
    integrity sha512-kY1AZVr2Ra+t+piVaJ4gxaFaReZVH40AKNo7UCX6W+dEwBo/2oZJzqfuN1qLq1oL45o56cPaTXELwrTh8Fpggg==
  
  require-directory@^2.1.1:
    version "2.1.1"
    resolved "https://registry.npmjs.org/require-directory/-/require-directory-2.1.1.tgz"
    integrity sha512-fGxEI7+wsG9xrvdjsrlmL22OMTTiHRwAMroiEeMgq8gzoLC/PQr7RsRDSTLUg/bZAZtF+TVIkHc6/4RIKrui+Q==
  
  resolve-from@^4.0.0:
    version "4.0.0"
    resolved "https://registry.npmjs.org/resolve-from/-/resolve-from-4.0.0.tgz"
    integrity sha512-pb/MYmXstAkysRFx8piNI1tGFNQIFA3vkE3Gq4EuA1dF6gHp/+vgZqsCGJapvy8N3Q+4o7FwvquPJcnZ7RYy4g==
  
  safe-buffer@>=5.1.0, safe-buffer@^5.0.1:
    version "5.2.1"
    resolved "https://registry.npmjs.org/safe-buffer/-/safe-buffer-5.2.1.tgz"
    integrity sha512-rp3So07KcdmmKbGvgaNxQSJr7bGVSVk5S9Eq1F+ppbRo70+YeaDxkw5Dd8NPN+GD6bjnYm2VuPuCXmpuYvmCXQ==
  
  semver@^5.7.0, semver@^5.7.1:
    version "5.7.1"
    resolved "https://registry.npmjs.org/semver/-/semver-5.7.1.tgz"
    integrity sha512-sauaDf/PZdVgrLTNYHRtpXa1iRiKcaebiKQ1BJdpQlWH2lCvexQdX55snPFyK7QzpudqbCI0qXFfOasHdyNDGQ==
  
  source-map@^0.6.1:
    version "0.6.1"
    resolved "https://registry.npmjs.org/source-map/-/source-map-0.6.1.tgz"
    integrity sha512-UjgapumWlbMhkBgzT7Ykc5YXUT46F0iKu8SGXq0bcwP5dz/h0Plj6enJqjz1Zbq2l5WaqYnrVbwWOWMyF3F47g==
  
  srcset@4:
    version "4.0.0"
    resolved "https://registry.npmjs.org/srcset/-/srcset-4.0.0.tgz"
    integrity sha512-wvLeHgcVHKO8Sc/H/5lkGreJQVeYMm9rlmt8PuR1xE31rIuXhuzznUUqAt8MqLhB3MqJdFzlNAfpcWnxiFUcPw==
  
  stable@^0.1.8:
    version "0.1.8"
    resolved "https://registry.npmjs.org/stable/-/stable-0.1.8.tgz"
    integrity sha512-ji9qxRnOVfcuLDySj9qzhGSEFVobyt1kIOSkj1qZzYLzq7Tos/oUUWvotUPQLlrsidqsK6tBH89Bc9kL5zHA6w==
  
  string-width@^4.1.0, string-width@^4.2.0, string-width@^4.2.3:
    version "4.2.3"
    resolved "https://registry.npmjs.org/string-width/-/string-width-4.2.3.tgz"
    integrity sha512-wKyQRQpjJ0sIp62ErSZdGsjMJWsap5oRNihHhu6G7JVO/9jIB6UyevL+tXuOqrng8j/cxKTWyWUwvSTriiZz/g==
    dependencies:
      emoji-regex "^8.0.0"
      is-fullwidth-code-point "^3.0.0"
      strip-ansi "^6.0.1"
  
  strip-ansi@^6.0.0, strip-ansi@^6.0.1:
    version "6.0.1"
    resolved "https://registry.npmjs.org/strip-ansi/-/strip-ansi-6.0.1.tgz"
    integrity sha512-Y38VPSHcqkFrCpFnQ9vuSXmquuv5oXOKpGeT6aGrr3o3Gc9AlVa6JBfUSOCnbxGGZF+/0ooI7KrPuUSztUdU5A==
    dependencies:
      ansi-regex "^5.0.1"
  
  supports-color@^5.3.0:
    version "5.5.0"
    resolved "https://registry.npmjs.org/supports-color/-/supports-color-5.5.0.tgz"
    integrity sha512-QjVjwdXIt408MIiAqCX4oUKsgU2EqAGzs2Ppkm4aQYbjm+ZEWEcW4SfFNTr4uMNZma0ey4f5lgLrkB0aX0QMow==
    dependencies:
      has-flag "^3.0.0"
  
  supports-color@^7.1.0:
    version "7.2.0"
    resolved "https://registry.npmjs.org/supports-color/-/supports-color-7.2.0.tgz"
    integrity sha512-qpCAvRl9stuOHveKsn7HncJRvv501qIacKzQlO/+Lwxc9+0q2wLyv4Dfvt80/DPn2pqOBsJdDiogXGR9+OvwRw==
    dependencies:
      has-flag "^4.0.0"
  
  svgo@^2.4.0:
    version "2.8.0"
    resolved "https://registry.npmjs.org/svgo/-/svgo-2.8.0.tgz"
    integrity sha512-+N/Q9kV1+F+UeWYoSiULYo4xYSDQlTgb+ayMobAXPwMnLvop7oxKMo9OzIrX5x3eS4L4f2UHhc9axXwY8DpChg==
    dependencies:
      "@trysound/sax" "0.2.0"
      commander "^7.2.0"
      css-select "^4.1.3"
      css-tree "^1.1.3"
      csso "^4.2.0"
      picocolors "^1.0.0"
      stable "^0.1.8"
  
  term-size@^2.2.1:
    version "2.2.1"
    resolved "https://registry.npmjs.org/term-size/-/term-size-2.2.1.tgz"
    integrity sha512-wK0Ri4fOGjv/XPy8SBHZChl8CM7uMc5VML7SqiQ0zG7+J5Vr+RMQDoHa2CNT6KHUnTGIXH34UDMkPzAUyapBZg==
  
  timsort@^0.3.0:
    version "0.3.0"
    resolved "https://registry.npmjs.org/timsort/-/timsort-0.3.0.tgz"
    integrity sha512-qsdtZH+vMoCARQtyod4imc2nIJwg9Cc7lPRrw9CzF8ZKR0khdr8+2nX80PBhET3tcyTtJDxAffGh2rXH4tyU8A==
  
  to-regex-range@^5.0.1:
    version "5.0.1"
    resolved "https://registry.npmjs.org/to-regex-range/-/to-regex-range-5.0.1.tgz"
    integrity sha512-65P7iz6X5yEr1cwcgvQxbbIw7Uk3gOy5dIdtZ4rDveLqhrdJP+Li/Hx6tyK0NEb+2GCyneCMJiGqrADCSNk8sQ==
    dependencies:
      is-number "^7.0.0"
  
  tslib@^2.1.0:
    version "2.5.3"
    resolved "https://registry.npmjs.org/tslib/-/tslib-2.5.3.tgz"
    integrity sha512-mSxlJJwl3BMEQCUNnxXBU9jP4JBktcEGhURcPR6VQVlnP0FdDEsIaz0C35dXNGLyRfrATNofF0F5p2KPxQgB+w==
  
  tslib@^2.4.0:
    version "2.5.2"
    resolved "https://registry.npmjs.org/tslib/-/tslib-2.5.2.tgz"
    integrity sha512-5svOrSA2w3iGFDs1HibEVBGbDrAY82bFQ3HZ3ixB+88nsbsWQoKqDRb5UBYAUPEzbBn6dAp5gRNXglySbx1MlA==
  
  type-fest@^0.20.2:
    version "0.20.2"
    resolved "https://registry.npmjs.org/type-fest/-/type-fest-0.20.2.tgz"
    integrity sha512-Ne+eE4r0/iWnpAxD852z3A+N0Bt5RN//NjJwRd2VFHEmrywxf5vsZlh4R6lixl6B+wz/8d+maTSAkN1FIkI3LQ==
  
  update-browserslist-db@^1.0.11:
    version "1.0.11"
    resolved "https://registry.npmjs.org/update-browserslist-db/-/update-browserslist-db-1.0.11.tgz"
    integrity sha512-dCwEFf0/oT85M1fHBg4F0jtLwJrutGoHSQXCh7u4o2t1drG+c0a9Flnqww6XUKSfQMPpJBRjU8d4RXB09qtvaA==
    dependencies:
      escalade "^3.1.1"
      picocolors "^1.0.0"
  
  utility-types@^3.10.0:
    version "3.10.0"
    resolved "https://registry.npmjs.org/utility-types/-/utility-types-3.10.0.tgz"
    integrity sha512-O11mqxmi7wMKCo6HKFt5AhO4BwY3VV68YU07tgxfz8zJTIxr4BpsezN49Ffwy9j3ZpwwJp4fkRwjRzq3uWE6Rg==
  
  weak-lru-cache@^1.2.2:
    version "1.2.2"
    resolved "https://registry.npmjs.org/weak-lru-cache/-/weak-lru-cache-1.2.2.tgz"
    integrity sha512-DEAoo25RfSYMuTGc9vPJzZcZullwIqRDSI9LOy+fkCJPi6hykCnfKaXTuPBDuXAUcqHXyOgFtHNp/kB2FjYHbw==
  
  websocket-driver@>=0.5.1:
    version "0.7.4"
    resolved "https://registry.npmjs.org/websocket-driver/-/websocket-driver-0.7.4.tgz"
    integrity sha512-b17KeDIQVjvb0ssuSDF2cYXSg2iztliJ4B9WdsuB6J952qCPKmnVq4DyW5motImXHDC1cBT/1UezrJVsKw5zjg==
    dependencies:
      http-parser-js ">=0.5.1"
      safe-buffer ">=5.1.0"
      websocket-extensions ">=0.1.1"
  
  websocket-extensions@>=0.1.1:
    version "0.1.4"
    resolved "https://registry.npmjs.org/websocket-extensions/-/websocket-extensions-0.1.4.tgz"
    integrity sha512-OqedPIGOfsDlo31UNwYbCFMSaO9m9G/0faIHj5/dZFDMFqPTcx6UwqyOy3COEaEOg/9VsGIpdqn62W5KhoKSpg==
  
  whatwg-fetch@2.0.4:
    version "2.0.4"
    resolved "https://registry.npmjs.org/whatwg-fetch/-/whatwg-fetch-2.0.4.tgz"
    integrity sha512-dcQ1GWpOD/eEQ97k66aiEVpNnapVj90/+R+SXTPYGHpYBBypfKJEQjLrvMZ7YXbKm21gXd4NcuxUTjiv1YtLng==
  
  wrap-ansi@^7.0.0:
    version "7.0.0"
    resolved "https://registry.npmjs.org/wrap-ansi/-/wrap-ansi-7.0.0.tgz"
    integrity sha512-YVGIj2kamLSTxw6NsZjoBxfSwsn0ycdesmc4p+Q21c5zPuZ1pl+NfxVdxPtdHvmNVOQ6XSYG4AUtyt/Fi7D16Q==
    dependencies:
      ansi-styles "^4.0.0"
      string-width "^4.1.0"
      strip-ansi "^6.0.0"
  
  xmlhttprequest@1.8.0:
    version "1.8.0"
    resolved "https://registry.npmjs.org/xmlhttprequest/-/xmlhttprequest-1.8.0.tgz"
    integrity sha512-58Im/U0mlVBLM38NdZjHyhuMtCqa61469k2YP/AaPbvCoV9aQGUpbJBj1QRm2ytRiVQBD/fsw7L2bJGDVQswBA==
  
  xxhash-wasm@^0.4.2:
    version "0.4.2"
    resolved "https://registry.npmjs.org/xxhash-wasm/-/xxhash-wasm-0.4.2.tgz"
    integrity sha512-/eyHVRJQCirEkSZ1agRSCwriMhwlyUcFkXD5TPVSLP+IPzjsqMVzZwdoczLp1SoQU0R3dxz1RpIK+4YNQbCVOA==
  
  y18n@^5.0.5:
    version "5.0.8"
    resolved "https://registry.npmjs.org/y18n/-/y18n-5.0.8.tgz"
    integrity sha512-0pfFzegeDWJHJIAmTLRP2DwHjdF5s7jo9tuztdQxAhINCdvS+3nGINqPd00AphqJR/0LhANUS6/+7SCb98YOfA==
  
  yargs-parser@^20.2.2:
    version "20.2.9"
    resolved "https://registry.npmjs.org/yargs-parser/-/yargs-parser-20.2.9.tgz"
    integrity sha512-y11nGElTIV+CT3Zv9t7VKl+Q3hTQoT9a1Qzezhhl6Rp21gJ/IVTW7Z3y9EWXhuUBC2Shnf+DX0antecpAwSP8w==
  
  yargs-parser@^21.1.1:
    version "21.1.1"
    resolved "https://registry.npmjs.org/yargs-parser/-/yargs-parser-21.1.1.tgz"
    integrity sha512-tVpsJW7DdjecAiFpbIB1e3qxIQsE6NoPc5/eTdrbbIC4h0LVsWhnoa3g+m2HclBIujHzsxZ4VJVA+GUuc2/LBw==
  
  yargs@^16.2.0:
    version "16.2.0"
    resolved "https://registry.npmjs.org/yargs/-/yargs-16.2.0.tgz"
    integrity sha512-D1mvvtDG0L5ft/jGWkLpG1+m0eQxOfaBvTNELraWj22wSVUMWxZUvYgJYcKh6jGGIkJFhH4IZPQhR4TKpc8mBw==
    dependencies:
      cliui "^7.0.2"
      escalade "^3.1.1"
      get-caller-file "^2.0.5"
      require-directory "^2.1.1"
      string-width "^4.2.0"
      y18n "^5.0.5"
      yargs-parser "^20.2.2"
  
  yargs@^17.7.2:
    version "17.7.2"
    resolved "https://registry.npmjs.org/yargs/-/yargs-17.7.2.tgz"
    integrity sha512-7dSzzRQ++CKnNI/krKnYRV7JKKPUXMEh61soaHKg9mrWEhzFWhFnxPxGl+69cD1Ou63C13NUPCnmIcrvqCuM6w==
    dependencies:
      cliui "^8.0.1"
      escalade "^3.1.1"
      get-caller-file "^2.0.5"
      require-directory "^2.1.1"
      string-width "^4.2.3"
      y18n "^5.0.5"
      yargs-parser "^21.1.1"
